SF:lib/route/router.dart
DA:67,2
DA:71,6
DA:72,2
DA:73,0
DA:76,2
DA:77,1
DA:78,1
DA:80,2
DA:81,0
DA:82,0
DA:84,2
DA:85,0
DA:86,0
DA:88,2
DA:89,0
DA:90,0
DA:92,2
DA:95,1
DA:96,0
DA:99,2
DA:100,0
DA:101,0
DA:104,2
DA:105,0
DA:106,0
DA:108,2
DA:109,0
DA:110,0
DA:112,2
DA:113,1
DA:114,0
DA:116,1
DA:117,0
DA:118,0
DA:120,1
DA:121,0
DA:122,0
DA:124,1
DA:125,0
DA:126,0
DA:128,1
DA:129,0
DA:130,0
DA:132,1
DA:133,0
DA:134,0
DA:136,1
DA:137,0
DA:138,0
DA:140,1
DA:141,0
DA:142,0
DA:144,1
DA:145,0
DA:146,0
DA:148,1
DA:149,0
DA:150,0
DA:152,1
DA:153,0
DA:154,0
DA:156,1
DA:157,0
DA:158,0
DA:160,1
DA:161,0
DA:162,0
DA:164,1
DA:165,0
DA:166,0
DA:168,1
DA:169,0
DA:170,0
DA:172,1
DA:173,0
DA:174,0
DA:176,1
DA:177,0
DA:178,0
DA:180,1
DA:181,0
DA:182,0
DA:184,1
DA:185,0
DA:186,0
DA:188,1
DA:189,0
DA:190,0
DA:192,1
DA:193,0
DA:194,0
DA:198,1
DA:200,1
LF:93
LH:38
end_of_record
SF:lib/components/Banner/M/banner_m.dart
DA:6,0
DA:16,0
DA:18,0
DA:20,0
DA:21,0
DA:22,0
DA:23,0
DA:24,0
DA:25,0
DA:26,0
LF:10
LH:0
end_of_record
SF:lib/components/lazy_image_widget.dart
DA:27,2
DA:36,0
DA:37,0
DA:44,0
DA:46,0
DA:48,0
DA:51,0
DA:53,0
DA:54,0
DA:55,0
DA:59,0
DA:60,0
DA:61,0
DA:65,0
DA:66,0
DA:67,0
DA:68,0
DA:69,0
DA:70,0
DA:71,0
DA:72,0
DA:73,0
DA:74,0
LF:23
LH:1
end_of_record
SF:lib/components/Banner/M/banner_m_style_1.dart
DA:7,0
DA:17,0
DA:19,0
DA:20,0
DA:21,0
DA:22,0
DA:23,0
DA:25,0
DA:27,0
DA:29,0
DA:30,0
DA:31,0
DA:32,0
LF:13
LH:0
end_of_record
SF:lib/constants.dart
DA:74,0
DA:75,0
DA:76,0
DA:77,0
DA:81,0
DA:82,0
DA:83,0
LF:7
LH:0
end_of_record
SF:lib/components/Banner/M/banner_m_style_2.dart
DA:9,0
DA:23,0
DA:25,0
DA:26,0
DA:27,0
DA:28,0
DA:29,0
DA:31,0
DA:33,0
DA:34,0
DA:35,0
DA:38,0
DA:39,0
DA:40,0
DA:50,0
DA:51,0
DA:52,0
DA:63,0
DA:66,0
DA:67,0
DA:68,0
DA:72,0
DA:82,0
DA:84,0
LF:24
LH:0
end_of_record
SF:lib/components/Banner/banner_discount_tag.dart
DA:7,0
DA:18,0
DA:20,0
DA:21,0
DA:22,0
DA:23,0
DA:25,0
DA:26,0
DA:32,0
DA:33,0
DA:35,0
DA:38,0
LF:12
LH:0
end_of_record
SF:lib/components/Banner/M/banner_m_style_3.dart
DA:10,0
DA:22,0
DA:24,0
DA:25,0
DA:26,0
DA:27,0
DA:28,0
DA:30,0
DA:32,0
DA:33,0
DA:34,0
DA:37,0
DA:38,0
DA:43,0
DA:44,0
DA:53,0
DA:54,0
DA:67,0
DA:70,0
DA:71,0
DA:72,0
DA:76,0
LF:22
LH:0
end_of_record
SF:lib/components/Banner/M/banner_m_style_4.dart
DA:10,0
DA:24,0
DA:26,0
DA:27,0
DA:28,0
DA:29,0
DA:30,0
DA:32,0
DA:34,0
DA:35,0
DA:36,0
DA:39,0
DA:40,0
DA:41,0
DA:46,0
DA:47,0
DA:55,0
DA:56,0
DA:57,0
DA:67,0
DA:68,0
DA:80,0
DA:83,0
DA:84,0
DA:85,0
DA:89,0
LF:26
LH:0
end_of_record
SF:lib/components/Banner/M/banner_m_with_counter.dart
DA:11,0
DA:23,0
DA:24,0
DA:31,0
DA:33,0
DA:34,0
DA:35,0
DA:36,0
DA:39,0
DA:42,0
DA:44,0
DA:45,0
DA:48,0
DA:50,0
DA:51,0
DA:52,0
DA:53,0
DA:54,0
DA:56,0
DA:57,0
DA:58,0
DA:68,0
DA:70,0
DA:71,0
DA:72,0
DA:74,0
DA:77,0
DA:79,0
DA:80,0
DA:81,0
DA:82,0
DA:83,0
DA:85,0
DA:88,0
DA:90,0
DA:91,0
DA:92,0
DA:93,0
DA:94,0
LF:39
LH:0
end_of_record
SF:lib/components/blur_container.dart
DA:8,0
DA:19,0
DA:21,0
DA:25,0
DA:26,0
DA:27,0
DA:28,0
DA:29,0
DA:31,0
DA:32,0
DA:33,0
DA:34,0
DA:35,0
LF:13
LH:0
end_of_record
SF:lib/components/Banner/S/banner_s.dart
DA:6,0
DA:16,0
DA:18,0
DA:20,0
DA:21,0
DA:22,0
DA:23,0
DA:24,0
DA:25,0
DA:26,0
LF:10
LH:0
end_of_record
SF:lib/components/Banner/S/banner_s_style_1.dart
DA:9,0
DA:23,0
DA:25,0
DA:26,0
DA:27,0
DA:28,0
DA:29,0
DA:31,0
DA:33,0
DA:34,0
DA:35,0
DA:38,0
DA:39,0
DA:40,0
DA:50,0
DA:51,0
DA:52,0
DA:63,0
DA:66,0
DA:67,0
DA:68,0
DA:72,0
DA:82,0
DA:84,0
DA:85,0
LF:25
LH:0
end_of_record
SF:lib/components/Banner/S/banner_s_style_5.dart
DA:9,0
DA:23,0
DA:25,0
DA:26,0
DA:27,0
DA:28,0
DA:29,0
DA:31,0
DA:33,0
DA:34,0
DA:35,0
DA:38,0
DA:39,0
DA:40,0
DA:45,0
DA:46,0
DA:54,0
DA:55,0
DA:56,0
DA:66,0
DA:67,0
DA:68,0
DA:80,0
LF:23
LH:0
end_of_record
SF:lib/components/buy_full_ui_kit.dart
DA:11,2
DA:15,0
DA:16,0
DA:23,0
DA:24,0
DA:25,0
DA:33,0
DA:35,0
DA:36,0
DA:37,0
DA:40,0
DA:41,0
DA:42,0
DA:43,0
DA:45,0
DA:47,0
DA:48,0
DA:55,0
DA:57,0
DA:58,0
DA:59,0
DA:62,0
DA:64,0
DA:65,0
DA:67,0
DA:69,0
DA:70,0
DA:71,0
DA:72,0
DA:73,0
DA:74,0
DA:79,0
DA:80,0
DA:82,0
DA:83,0
DA:86,0
DA:87,0
DA:88,0
DA:89,0
DA:90,0
DA:92,0
DA:93,0
DA:94,0
DA:100,0
DA:102,0
DA:103,0
DA:105,0
DA:112,0
DA:113,0
DA:114,0
DA:115,0
DA:116,0
DA:117,0
DA:120,0
DA:121,0
DA:122,0
DA:124,0
DA:125,0
DA:126,0
DA:127,0
DA:134,0
DA:135,0
DA:145,0
DA:146,0
DA:147,0
DA:148,0
DA:152,0
LF:67
LH:1
end_of_record
SF:lib/components/comparison_button.dart
DA:13,0
DA:20,0
DA:22,0
DA:24,0
DA:25,0
DA:26,0
DA:28,0
DA:29,0
DA:31,0
DA:35,0
DA:36,0
DA:43,0
DA:45,0
DA:46,0
DA:47,0
DA:58,0
DA:60,0
DA:62,0
DA:63,0
LF:19
LH:0
end_of_record
SF:lib/models/product_model.dart
DA:15,2
DA:29,2
DA:30,2
DA:31,2
DA:32,2
DA:33,2
DA:34,2
DA:35,2
DA:36,2
DA:37,2
DA:38,2
DA:39,2
DA:40,2
DA:41,2
DA:45,2
DA:46,2
DA:47,2
DA:48,0
DA:49,2
DA:50,2
DA:51,2
DA:52,4
DA:53,0
DA:54,2
DA:55,2
DA:56,0
DA:57,0
DA:58,0
DA:60,2
DA:61,2
DA:62,0
DA:63,0
DA:64,0
DA:66,2
DA:67,2
DA:68,2
DA:73,0
DA:74,0
DA:86,0
DA:96,0
DA:108,0
DA:120,0
DA:132,0
DA:145,0
DA:146,0
DA:158,0
DA:170,0
DA:183,0
DA:184,0
DA:196,0
DA:208,0
DA:221,0
DA:222,0
DA:234,0
DA:244,0
DA:254,0
DA:266,0
DA:276,0
LF:58
LH:28
end_of_record
SF:lib/providers/comparison_provider.dart
DA:6,0
DA:7,0
DA:10,0
DA:11,0
DA:12,0
DA:13,0
DA:17,0
DA:18,0
DA:19,0
DA:23,0
DA:24,0
DA:25,0
DA:29,0
DA:30,0
DA:31,0
DA:32,0
DA:39,0
DA:40,0
DA:43,0
DA:44,0
DA:45,0
DA:46,0
DA:47,0
DA:50,0
DA:51,0
DA:54,0
DA:56,0
DA:57,0
DA:60,0
DA:62,0
DA:68,0
DA:69,0
DA:70,0
DA:73,0
DA:74,0
DA:75,0
DA:76,0
DA:79,0
DA:80,0
DA:81,0
DA:82,0
DA:85,0
DA:86,0
DA:87,0
DA:90,0
DA:92,0
DA:93,0
DA:94,0
LF:48
LH:0
end_of_record
SF:lib/components/dot_indicators.dart
DA:6,1
DA:17,1
DA:19,1
DA:21,1
DA:23,1
DA:24,1
DA:25,1
DA:26,2
LF:8
LH:8
end_of_record
SF:lib/components/skleton/skelton.dart
DA:6,2
DA:17,0
DA:19,0
DA:20,0
DA:21,0
DA:23,0
DA:24,0
DA:25,0
DA:31,0
DA:35,0
DA:37,0
DA:38,0
DA:39,0
DA:41,0
DA:43,0
LF:15
LH:1
end_of_record
SF:lib/utils/image_cache_manager.dart
DA:11,0
DA:12,0
DA:28,0
DA:29,0
DA:30,0
DA:31,0
DA:33,0
DA:34,0
DA:37,0
LF:9
LH:0
end_of_record
SF:lib/components/list_tile/divider_list_tile.dart
DA:5,0
DA:20,0
DA:22,0
DA:23,0
DA:24,0
DA:25,0
DA:26,0
DA:27,0
DA:28,0
DA:29,0
DA:30,0
DA:32,0
DA:33,0
DA:38,0
DA:45,0
DA:58,0
DA:60,0
DA:61,0
DA:62,0
DA:63,0
DA:65,0
DA:66,0
DA:69,0
DA:70,0
DA:72,0
DA:73,0
DA:76,0
DA:78,0
DA:79,0
DA:81,0
DA:82,0
DA:84,0
DA:85,0
DA:92,0
LF:34
LH:0
end_of_record
SF:lib/components/pagination/paginated_product_list.dart
DA:56,1
DA:70,1
DA:72,1
DA:79,1
DA:81,1
DA:82,4
DA:83,3
DA:86,3
DA:88,7
DA:89,1
DA:93,0
DA:95,0
DA:96,0
DA:98,0
DA:100,0
DA:105,0
DA:107,0
DA:108,0
DA:109,0
DA:112,0
DA:115,0
DA:116,0
DA:118,0
DA:119,0
DA:124,0
DA:126,0
DA:127,0
DA:130,1
DA:132,6
DA:135,1
DA:136,0
DA:137,0
DA:142,3
DA:143,1
DA:144,2
DA:145,1
DA:147,1
DA:153,1
DA:154,0
DA:155,0
DA:156,0
DA:157,0
DA:167,0
DA:168,0
DA:169,0
DA:170,0
DA:171,0
DA:173,0
DA:176,0
DA:177,0
DA:182,0
DA:183,0
DA:192,0
DA:194,0
DA:195,0
DA:196,0
DA:197,0
DA:198,0
DA:199,0
DA:200,0
DA:201,0
DA:205,0
DA:207,0
DA:211,0
DA:212,0
DA:213,0
DA:215,0
DA:216,0
DA:217,0
DA:218,0
DA:219,0
DA:224,0
DA:225,0
DA:226,0
DA:228,0
DA:230,0
DA:231,0
DA:233,0
DA:234,0
DA:237,0
DA:238,0
DA:239,0
DA:240,0
DA:241,0
DA:246,0
DA:247,0
DA:257,0
DA:258,0
DA:260,0
DA:261,0
DA:263,0
DA:264,0
DA:265,0
DA:266,0
DA:267,0
LF:95
LH:19
end_of_record
SF:lib/providers/product_pagination_provider.dart
DA:14,2
DA:22,2
DA:23,4
DA:25,2
DA:31,2
DA:32,2
DA:33,0
DA:34,1
DA:35,2
DA:47,2
DA:49,4
DA:51,2
DA:52,6
DA:54,4
DA:55,4
DA:56,4
DA:57,4
DA:58,6
DA:59,2
DA:61,2
DA:62,2
DA:64,0
DA:68,1
DA:69,4
DA:70,3
DA:73,1
DA:79,0
DA:80,0
DA:81,0
DA:82,0
DA:84,0
DA:85,0
DA:86,0
DA:87,0
DA:88,0
DA:92,3
DA:93,2
DA:94,2
DA:95,2
DA:97,5
DA:98,2
DA:99,3
DA:102,1
DA:103,1
DA:105,0
DA:110,6
DA:112,2
DA:113,4
DA:114,2
LF:49
LH:37
end_of_record
SF:lib/models/filter_params.dart
DA:7,4
DA:9,0
DA:10,0
DA:12,2
DA:15,0
DA:16,0
DA:17,0
DA:20,2
DA:21,6
DA:23,0
DA:24,0
LF:11
LH:4
end_of_record
SF:lib/components/product/product_card.dart
DA:10,0
DA:20,0
DA:29,0
DA:31,0
DA:32,0
DA:33,0
DA:34,0
DA:39,0
DA:41,0
DA:42,0
DA:44,0
DA:45,0
DA:46,0
DA:47,0
DA:48,0
DA:49,0
DA:50,0
DA:51,0
DA:62,0
DA:63,0
DA:73,0
DA:74,0
DA:75,0
DA:76,0
DA:77,0
DA:79,0
DA:80,0
DA:82,0
DA:89,0
DA:92,0
DA:95,0
DA:96,0
DA:97,0
DA:98,0
DA:99,0
DA:100,0
DA:101,0
DA:104,0
DA:105,0
DA:108,0
DA:109,0
DA:110,0
DA:111,0
DA:114,0
DA:115,0
DA:116,0
DA:117,0
DA:118,0
DA:126,0
DA:127,0
DA:128,0
DA:130,0
DA:137,0
DA:138,0
LF:54
LH:0
end_of_record
SF:lib/repository/product_repository.dart
DA:15,15
DA:27,2
DA:28,1
DA:29,1
DA:30,1
DA:31,1
DA:32,1
DA:33,1
DA:34,1
DA:35,1
DA:36,1
DA:39,0
DA:40,0
DA:41,0
DA:42,0
DA:43,0
DA:44,0
DA:45,0
DA:46,0
DA:48,0
DA:49,0
DA:50,0
DA:59,2
DA:62,2
DA:63,2
DA:66,0
DA:67,1
DA:68,1
DA:69,2
DA:71,3
DA:73,2
DA:74,0
DA:75,1
DA:76,2
DA:78,1
DA:80,0
DA:88,0
DA:93,4
DA:96,4
DA:97,4
DA:107,4
DA:121,2
DA:125,2
DA:126,2
DA:129,5
DA:130,2
DA:131,2
DA:132,4
DA:134,6
DA:136,4
DA:137,1
DA:138,1
DA:139,4
DA:141,2
DA:143,2
DA:150,0
DA:155,1
DA:158,1
DA:161,0
DA:165,0
DA:166,0
DA:169,0
DA:170,0
DA:171,0
DA:172,0
DA:174,0
DA:176,0
DA:177,0
DA:178,0
DA:179,0
DA:181,0
DA:183,0
DA:190,0
LF:73
LH:42
end_of_record
SF:lib/components/pagination/pagination_widgets.dart
DA:20,2
DA:27,0
DA:29,0
DA:30,0
DA:32,0
DA:34,0
DA:36,0
DA:38,0
DA:40,0
DA:41,0
DA:69,0
DA:78,0
DA:80,0
DA:81,0
DA:83,0
DA:85,0
DA:86,0
DA:88,0
DA:90,0
DA:93,0
DA:94,0
DA:99,0
DA:101,0
DA:102,0
DA:103,0
DA:107,0
DA:109,0
DA:110,0
DA:142,2
DA:151,0
DA:153,0
DA:154,0
DA:156,0
DA:157,0
DA:159,0
DA:160,0
DA:161,0
DA:164,0
DA:165,0
DA:169,0
DA:171,0
DA:172,0
DA:173,0
DA:191,0
DA:197,0
DA:199,0
DA:201,0
DA:202,0
DA:203,0
DA:208,0
DA:209,0
DA:215,0
DA:216,0
DA:218,0
DA:220,0
DA:221,0
DA:223,0
DA:224,0
DA:225,0
DA:226,0
DA:230,0
DA:231,0
DA:235,0
DA:259,0
DA:267,0
DA:269,0
DA:271,0
DA:273,0
DA:277,0
DA:278,0
DA:279,0
DA:280,0
DA:281,0
DA:284,0
DA:287,0
DA:288,0
DA:290,0
DA:296,0
DA:297,0
DA:303,0
DA:305,0
DA:306,0
DA:307,0
DA:308,0
DA:309,0
DA:311,0
DA:312,0
DA:313,0
DA:333,0
DA:339,0
DA:341,0
DA:343,0
DA:347,0
DA:349,0
DA:350,0
DA:352,0
DA:353,0
DA:355,0
DA:356,0
DA:363,0
DA:365,0
DA:366,0
DA:369,0
DA:371,0
DA:372,0
DA:376,0
DA:378,0
DA:379,0
DA:380,0
DA:381,0
DA:384,0
DA:385,0
LF:112
LH:2
end_of_record
SF:lib/components/wishlist_button.dart
DA:12,0
DA:18,0
DA:20,0
DA:22,0
DA:23,0
DA:25,0
DA:26,0
DA:28,0
DA:30,0
DA:33,0
DA:35,0
DA:37,0
DA:38,0
LF:13
LH:0
end_of_record
SF:lib/components/product/secondary_product_card.dart
DA:7,0
DA:26,0
DA:28,0
DA:29,0
DA:30,0
DA:31,0
DA:35,0
DA:36,0
DA:37,0
DA:39,0
DA:40,0
DA:41,0
DA:42,0
DA:43,0
DA:44,0
DA:45,0
DA:46,0
DA:55,0
DA:56,0
DA:68,0
DA:69,0
DA:71,0
DA:73,0
DA:74,0
DA:75,0
DA:76,0
DA:77,0
DA:78,0
DA:79,0
DA:82,0
DA:83,0
DA:86,0
DA:87,0
DA:88,0
DA:89,0
DA:92,0
DA:93,0
DA:94,0
DA:95,0
DA:96,0
DA:104,0
DA:105,0
DA:106,0
DA:107,0
DA:108,0
DA:109,0
DA:110,0
DA:117,0
DA:118,0
LF:49
LH:0
end_of_record
SF:lib/providers/wishlist_provider.dart
DA:6,0
DA:7,0
DA:10,0
DA:11,0
DA:12,0
DA:13,0
DA:17,0
DA:18,0
DA:19,0
DA:23,0
DA:24,0
DA:25,0
DA:26,0
DA:33,0
DA:34,0
DA:37,0
DA:38,0
DA:39,0
DA:40,0
DA:41,0
DA:44,0
DA:45,0
DA:48,0
DA:50,0
DA:51,0
DA:54,0
DA:55,0
DA:60,0
DA:61,0
DA:62,0
DA:65,0
DA:66,0
DA:67,0
DA:68,0
DA:71,0
DA:72,0
DA:73,0
DA:74,0
DA:77,0
DA:78,0
DA:79,0
DA:82,0
LF:42
LH:0
end_of_record
SF:lib/config/firebase_config.dart
DA:20,0
DA:40,0
DA:41,0
DA:44,0
DA:47,0
DA:50,0
DA:52,0
DA:53,0
DA:56,0
DA:57,0
DA:58,0
DA:59,0
DA:60,0
DA:63,0
DA:66,0
DA:68,0
DA:72,0
DA:74,0
DA:76,0
DA:80,0
DA:83,0
DA:84,0
DA:88,0
DA:91,0
DA:93,0
DA:97,0
DA:103,0
DA:105,0
DA:115,0
DA:116,0
DA:119,0
DA:120,0
DA:121,0
DA:122,0
DA:127,0
DA:128,0
DA:129,0
DA:130,0
DA:131,0
DA:132,0
DA:135,0
DA:138,0
DA:141,0
DA:145,0
LF:44
LH:0
end_of_record
SF:lib/config/firebase_options.dart
DA:19,1
DA:23,1
DA:24,1
DA:26,0
DA:28,0
DA:29,0
DA:33,0
DA:34,0
DA:38,0
DA:39,0
DA:44,0
LF:11
LH:3
end_of_record
SF:lib/entry_point.dart
DA:13,2
DA:15,0
DA:16,0
DA:30,0
DA:32,0
DA:33,0
DA:36,0
DA:38,0
DA:39,0
DA:44,0
DA:45,0
DA:49,0
DA:53,0
DA:55,0
DA:56,0
DA:60,0
DA:61,0
DA:62,0
DA:63,0
DA:65,0
DA:68,0
DA:69,0
DA:74,0
DA:76,0
DA:77,0
DA:78,0
DA:80,0
DA:82,0
DA:83,0
DA:86,0
DA:87,0
DA:91,0
DA:94,0
DA:96,0
DA:98,0
DA:102,0
DA:103,0
DA:104,0
DA:112,0
DA:114,0
DA:128,0
DA:130,0
DA:131,0
DA:132,0
DA:134,0
DA:136,0
DA:137,0
DA:140,0
DA:141,0
DA:144,0
DA:147,0
DA:149,0
DA:151,0
DA:155,0
DA:156,0
DA:157,0
DA:165,0
DA:167,0
DA:180,0
DA:181,0
DA:182,0
DA:184,0
DA:187,0
DA:188,0
DA:195,0
DA:197,0
DA:198,0
DA:204,0
DA:206,0
DA:208,0
DA:211,0
DA:212,0
DA:213,0
DA:214,0
DA:215,0
DA:216,0
DA:220,0
DA:228,0
DA:229,0
DA:230,0
DA:231,0
DA:234,0
DA:235,0
DA:237,0
DA:240,0
DA:241,0
DA:243,0
DA:246,0
DA:247,0
DA:248,0
DA:251,0
DA:252,0
DA:254,0
LF:93
LH:1
end_of_record
SF:lib/route/route_names.dart
DA:4,0
LF:1
LH:0
end_of_record
SF:lib/providers/sync_status_provider.dart
DA:11,3
DA:13,0
DA:14,2
DA:15,1
DA:16,1
DA:17,1
DA:18,1
DA:23,3
DA:25,0
DA:27,6
DA:29,1
DA:30,6
DA:32,1
DA:33,5
DA:35,0
DA:38,2
DA:39,2
DA:40,1
LF:18
LH:15
end_of_record
SF:lib/features/inventory/models/inventory_item.dart
DA:6,0
DA:9,0
DA:10,0
DA:11,0
DA:12,0
DA:15,0
DA:16,0
DA:17,0
DA:18,0
DA:21,0
DA:22,0
DA:23,0
DA:24,0
LF:13
LH:0
end_of_record
SF:lib/models/category_model.dart
DA:6,0
DA:14,0
DA:15,0
DA:16,0
DA:17,0
DA:18,0
DA:21,0
DA:22,0
DA:25,0
DA:26,0
DA:27,0
DA:28,0
DA:29,0
DA:30,0
DA:33,0
DA:36,0
DA:37,0
DA:38,0
DA:39,0
DA:42,0
DA:45,0
DA:46,0
DA:47,0
DA:48,0
DA:51,0
DA:54,0
DA:55,0
DA:56,0
LF:28
LH:0
end_of_record
SF:lib/models/comparison_item.dart
DA:8,1
DA:12,1
DA:14,1
DA:15,1
DA:16,1
DA:17,2
DA:18,2
DA:22,1
DA:23,1
DA:24,1
DA:25,1
DA:26,2
DA:27,2
DA:31,0
DA:32,0
LF:15
LH:13
end_of_record
SF:lib/models/firestore_models.dart
DA:29,0
DA:46,0
DA:47,0
DA:48,0
DA:49,0
DA:50,0
DA:51,0
DA:52,0
DA:53,0
DA:54,0
DA:55,0
DA:56,0
DA:57,0
DA:58,0
DA:59,0
DA:63,0
DA:64,0
DA:65,0
DA:66,0
DA:67,0
DA:68,0
DA:69,0
DA:70,0
DA:71,0
DA:72,0
DA:73,0
DA:74,0
DA:75,0
DA:76,0
DA:80,0
DA:95,0
DA:96,0
DA:97,0
DA:98,0
DA:99,0
DA:100,0
DA:101,0
DA:102,0
DA:103,0
DA:104,0
DA:105,0
DA:106,0
DA:107,0
DA:108,0
DA:135,0
DA:155,0
DA:156,0
DA:157,0
DA:161,0
DA:163,0
DA:164,0
DA:165,0
DA:166,0
DA:167,0
DA:168,0
DA:169,0
DA:170,0
DA:171,0
DA:172,0
DA:173,0
DA:174,0
DA:175,0
DA:176,0
DA:177,0
DA:178,0
DA:179,0
DA:182,0
DA:183,0
DA:184,0
DA:185,0
DA:186,0
DA:187,0
DA:188,0
DA:189,0
DA:190,0
DA:191,0
DA:192,0
DA:193,0
DA:194,0
DA:195,0
DA:196,0
DA:197,0
DA:198,0
DA:201,0
DA:219,0
DA:220,0
DA:221,0
DA:222,0
DA:223,0
DA:224,0
DA:225,0
DA:226,0
DA:227,0
DA:228,0
DA:229,0
DA:230,0
DA:231,0
DA:232,0
DA:233,0
DA:234,0
DA:235,0
DA:252,0
DA:261,0
DA:262,0
DA:263,0
DA:264,0
DA:265,0
DA:266,0
DA:267,0
DA:270,0
DA:271,0
DA:272,0
DA:273,0
DA:275,0
DA:276,0
DA:277,0
DA:280,0
DA:288,0
DA:289,0
DA:290,0
DA:291,0
DA:292,0
DA:293,0
DA:294,0
DA:305,0
DA:313,0
DA:314,0
DA:317,0
DA:319,0
DA:320,0
DA:321,0
DA:322,0
DA:323,0
DA:326,0
DA:327,0
DA:328,0
DA:329,0
DA:330,0
DA:331,0
DA:332,0
DA:333,0
DA:336,0
DA:342,0
DA:343,0
DA:344,0
DA:345,0
DA:346,0
DA:373,0
DA:381,0
DA:383,0
DA:384,0
DA:385,0
DA:386,0
DA:387,0
DA:388,0
DA:391,0
DA:392,0
DA:393,0
DA:394,0
DA:395,0
DA:397,0
DA:419,0
DA:437,0
DA:438,0
DA:439,0
DA:440,0
DA:441,0
DA:442,0
DA:443,0
DA:444,0
DA:445,0
DA:446,0
DA:447,0
DA:448,0
DA:449,0
DA:450,0
DA:451,0
DA:452,0
DA:455,0
DA:456,0
DA:457,0
DA:458,0
DA:459,0
DA:460,0
DA:461,0
DA:462,0
DA:463,0
DA:464,0
DA:465,0
DA:466,0
DA:467,0
DA:468,0
DA:469,0
DA:471,0
DA:472,0
DA:473,0
DA:474,0
DA:475,0
DA:476,0
DA:479,0
DA:496,0
DA:497,0
DA:498,0
DA:499,0
DA:500,0
DA:501,0
DA:502,0
DA:503,0
DA:504,0
DA:505,0
DA:506,0
DA:507,0
DA:508,0
DA:509,0
DA:510,0
DA:511,0
DA:533,0
DA:547,0
DA:548,0
DA:549,0
DA:550,0
DA:551,0
DA:552,0
DA:553,0
DA:554,0
DA:555,0
DA:556,0
DA:557,0
DA:558,0
DA:561,0
DA:562,0
DA:563,0
DA:564,0
DA:565,0
DA:566,0
DA:567,0
DA:568,0
DA:569,0
DA:570,0
DA:571,0
DA:572,0
DA:575,0
DA:588,0
DA:589,0
DA:590,0
DA:591,0
DA:592,0
DA:593,0
DA:594,0
DA:595,0
DA:596,0
DA:597,0
DA:598,0
DA:599,0
DA:612,0
DA:617,0
DA:618,0
DA:619,0
DA:622,0
DA:623,0
DA:624,0
DA:635,0
DA:642,0
DA:643,0
DA:644,0
DA:645,0
DA:646,0
DA:649,0
DA:650,0
DA:651,0
DA:652,0
DA:653,0
DA:654,0
DA:655,0
DA:656,0
DA:657,0
LF:276
LH:0
end_of_record
SF:lib/models/order.dart
DA:7,0
DA:14,0
DA:15,0
DA:16,0
DA:17,0
DA:18,0
DA:21,0
DA:22,0
DA:23,0
DA:24,0
DA:25,0
DA:40,0
DA:52,0
DA:53,0
DA:54,0
DA:55,0
DA:56,0
DA:57,0
DA:58,0
DA:62,0
DA:63,0
DA:64,0
DA:65,0
DA:66,0
DA:67,0
DA:69,0
DA:71,0
DA:72,0
DA:73,0
LF:29
LH:0
end_of_record
SF:lib/models/wishlist_item.dart
DA:8,1
DA:12,1
DA:14,1
DA:15,1
DA:16,1
DA:17,2
DA:18,2
DA:22,1
DA:23,1
DA:24,1
DA:25,1
DA:26,2
DA:27,2
DA:31,0
DA:32,0
LF:15
LH:13
end_of_record
SF:lib/providers/admin_providers.dart
DA:9,0
DA:10,0
DA:13,0
DA:14,0
DA:15,0
DA:16,0
DA:17,0
DA:18,0
DA:19,0
DA:20,0
DA:21,0
DA:22,0
DA:23,0
DA:25,0
DA:29,0
DA:30,0
DA:31,0
DA:33,0
DA:34,0
DA:35,0
DA:37,0
DA:38,0
DA:40,0
DA:41,0
DA:42,0
DA:44,0
DA:45,0
LF:27
LH:0
end_of_record
SF:lib/providers/auth_provider.dart
DA:6,2
DA:7,3
DA:10,0
DA:11,0
DA:14,4
DA:15,2
DA:20,0
DA:24,0
DA:25,0
DA:32,4
DA:33,2
DA:34,2
DA:38,0
DA:39,0
DA:42,0
DA:43,0
DA:44,0
DA:45,0
DA:46,0
DA:58,0
DA:59,0
DA:60,0
DA:64,0
DA:66,0
DA:68,0
DA:71,0
DA:72,0
DA:73,0
DA:74,0
DA:75,0
DA:77,0
DA:84,0
DA:86,0
DA:91,0
DA:92,0
DA:96,0
DA:97,0
LF:37
LH:7
end_of_record
SF:lib/providers/cart_provider.dart
DA:4,3
DA:5,1
DA:6,1
DA:7,1
DA:14,3
DA:15,1
DA:18,1
DA:19,2
DA:20,1
DA:23,1
DA:24,2
DA:25,3
DA:26,1
DA:27,3
DA:30,1
DA:31,2
DA:32,1
DA:33,2
DA:34,1
DA:35,1
DA:37,0
DA:39,1
DA:40,3
DA:43,1
DA:44,2
DA:45,3
LF:26
LH:25
end_of_record
SF:lib/repository/cart_storage.dart
DA:8,1
DA:9,1
DA:10,1
DA:11,1
DA:14,1
DA:15,1
DA:16,1
DA:18,1
DA:19,4
LF:9
LH:9
end_of_record
SF:lib/repositories/comparison_repository.dart
DA:12,2
DA:15,1
DA:16,1
DA:17,2
DA:18,3
DA:20,3
DA:22,1
DA:27,1
DA:28,1
DA:30,6
DA:34,4
DA:38,1
DA:39,1
DA:40,2
DA:43,1
DA:44,1
DA:45,0
DA:46,4
DA:47,1
DA:48,1
DA:49,1
DA:52,1
DA:53,1
DA:54,0
DA:55,2
DA:58,1
DA:59,1
DA:60,2
DA:63,1
DA:64,1
DA:65,0
DA:66,2
DA:69,1
DA:70,1
DA:71,0
DA:72,3
DA:77,0
DA:79,0
DA:81,0
DA:82,0
DA:83,0
DA:85,0
DA:90,0
LF:43
LH:32
end_of_record
SF:lib/providers/favorites_provider.dart
DA:4,0
DA:6,0
DA:7,0
DA:8,0
DA:12,0
DA:13,0
DA:16,0
DA:17,0
DA:18,0
DA:20,0
DA:25,0
DA:26,0
DA:27,0
LF:13
LH:0
end_of_record
SF:lib/repository/pagination.dart
DA:16,5
DA:30,3
DA:35,1
DA:36,1
DA:56,12
DA:65,1
DA:66,1
DA:67,1
LF:8
LH:8
end_of_record
SF:lib/providers/repository_providers.dart
DA:11,17
DA:13,2
DA:20,0
LF:3
LH:2
end_of_record
SF:lib/providers/product_provider.dart
DA:20,0
DA:21,0
DA:22,0
DA:26,0
DA:27,0
DA:28,0
DA:29,0
DA:30,0
DA:31,0
DA:35,0
DA:36,0
DA:37,0
DA:38,0
DA:40,0
DA:47,0
DA:48,0
DA:49,0
DA:50,0
DA:51,0
DA:52,0
DA:56,0
DA:57,0
DA:58,0
DA:59,0
DA:62,0
DA:63,0
DA:66,0
DA:74,0
DA:75,0
DA:78,0
DA:81,0
DA:85,0
DA:86,0
DA:87,0
DA:88,0
DA:89,0
DA:94,0
DA:95,0
DA:96,0
DA:97,0
DA:98,0
DA:103,0
DA:104,0
DA:105,0
DA:106,0
DA:108,0
DA:110,0
DA:111,0
DA:112,0
DA:113,0
DA:114,0
DA:115,0
DA:116,0
DA:119,0
DA:123,0
DA:125,0
DA:127,0
DA:128,0
DA:129,0
DA:132,0
DA:135,0
DA:138,0
DA:139,0
DA:142,0
DA:146,0
DA:147,0
DA:148,0
DA:149,0
DA:151,0
DA:155,0
DA:157,0
DA:160,0
DA:161,0
DA:164,0
DA:168,0
DA:169,0
DA:170,0
DA:171,0
DA:173,0
DA:176,0
DA:177,0
DA:178,0
DA:179,0
DA:180,0
DA:184,0
DA:186,0
DA:189,0
DA:190,0
DA:193,0
DA:197,0
DA:198,0
DA:199,0
DA:201,0
DA:209,0
DA:210,0
DA:213,0
DA:216,0
DA:220,0
DA:221,0
DA:222,0
DA:226,0
DA:227,0
DA:228,0
DA:236,0
DA:237,0
DA:240,0
DA:243,0
DA:247,0
DA:248,0
DA:249,0
DA:251,0
DA:252,0
DA:254,0
DA:256,0
DA:261,0
DA:262,0
DA:263,0
DA:264,0
DA:266,0
DA:270,0
DA:271,0
DA:272,0
DA:273,0
DA:275,0
DA:283,0
DA:284,0
DA:285,0
DA:289,0
DA:290,0
DA:291,0
DA:314,0
DA:327,0
DA:338,0
LF:133
LH:0
end_of_record
SF:lib/services/firestore_service.dart
DA:15,0
DA:17,0
DA:18,0
DA:22,0
DA:26,0
DA:27,0
DA:30,0
DA:31,0
DA:39,0
DA:44,0
DA:45,0
DA:46,0
DA:47,0
DA:48,0
DA:51,0
DA:54,0
DA:55,0
DA:56,0
DA:57,0
DA:58,0
DA:60,0
DA:65,0
DA:70,0
DA:71,0
DA:72,0
DA:73,0
DA:74,0
DA:75,0
DA:76,0
DA:78,0
DA:79,0
DA:80,0
DA:81,0
DA:83,0
DA:84,0
DA:90,0
DA:93,0
DA:94,0
DA:95,0
DA:96,0
DA:98,0
DA:99,0
DA:100,0
DA:101,0
DA:105,0
DA:106,0
DA:107,0
DA:108,0
DA:110,0
DA:115,0
DA:117,0
DA:119,0
DA:121,0
DA:123,0
DA:128,0
DA:132,0
DA:133,0
DA:134,0
DA:135,0
DA:136,0
DA:137,0
DA:138,0
DA:139,0
DA:140,0
DA:141,0
DA:143,0
DA:152,0
DA:154,0
DA:156,0
DA:158,0
DA:160,0
DA:165,0
DA:167,0
DA:168,0
DA:169,0
DA:170,0
DA:172,0
DA:177,0
DA:179,0
DA:181,0
DA:186,0
DA:188,0
DA:189,0
DA:190,0
DA:193,0
DA:202,0
DA:204,0
DA:205,0
DA:207,0
DA:209,0
DA:213,0
DA:218,0
DA:220,0
DA:221,0
DA:222,0
DA:223,0
DA:224,0
DA:226,0
DA:227,0
DA:228,0
DA:229,0
DA:231,0
DA:236,0
DA:238,0
DA:240,0
DA:242,0
DA:244,0
DA:249,0
DA:252,0
DA:253,0
DA:254,0
DA:257,0
DA:262,0
DA:264,0
DA:265,0
DA:266,0
DA:267,0
DA:268,0
DA:269,0
DA:270,0
DA:271,0
DA:272,0
DA:274,0
DA:283,0
DA:285,0
DA:287,0
DA:289,0
DA:291,0
DA:296,0
DA:298,0
DA:300,0
DA:302,0
DA:303,0
DA:305,0
DA:306,0
DA:308,0
DA:313,0
DA:315,0
DA:317,0
DA:318,0
DA:319,0
DA:321,0
DA:324,0
DA:329,0
DA:331,0
DA:332,0
DA:333,0
DA:334,0
DA:335,0
DA:336,0
DA:337,0
DA:340,0
DA:349,0
DA:351,0
DA:352,0
DA:353,0
DA:354,0
DA:355,0
DA:356,0
DA:358,0
DA:359,0
DA:360,0
DA:361,0
DA:363,0
DA:368,0
DA:371,0
DA:372,0
DA:373,0
DA:374,0
DA:375,0
DA:377,0
DA:378,0
DA:380,0
DA:383,0
DA:387,0
DA:392,0
DA:394,0
DA:396,0
DA:399,0
DA:401,0
DA:402,0
DA:403,0
DA:407,0
DA:412,0
DA:414,0
DA:415,0
DA:416,0
DA:417,0
DA:418,0
DA:419,0
DA:420,0
DA:421,0
DA:422,0
DA:423,0
DA:425,0
DA:434,0
DA:438,0
DA:439,0
DA:440,0
DA:442,0
DA:447,0
DA:451,0
DA:453,0
DA:459,0
LF:204
LH:0
end_of_record
SF:lib/repository/firestore_product_repository.dart
DA:25,4
DA:27,1
DA:29,2
DA:39,1
DA:42,0
DA:53,1
DA:54,1
DA:55,1
DA:56,1
DA:61,2
DA:65,3
DA:66,2
DA:72,2
DA:73,3
DA:74,1
DA:77,2
DA:79,4
DA:81,2
DA:82,4
DA:86,4
DA:87,2
DA:88,1
DA:89,0
DA:93,1
DA:94,4
DA:98,6
DA:99,4
DA:100,1
DA:102,5
DA:106,2
DA:107,2
DA:109,0
DA:110,2
DA:112,4
DA:114,2
DA:129,2
DA:131,1
DA:133,2
DA:134,0
DA:135,0
DA:137,0
DA:138,0
DA:139,0
DA:140,0
DA:143,1
DA:144,1
DA:145,4
DA:146,1
DA:151,0
DA:154,1
DA:157,1
DA:158,1
DA:160,2
DA:164,1
DA:166,1
DA:167,0
DA:168,0
DA:170,0
DA:176,5
DA:180,1
DA:183,1
DA:184,1
DA:187,4
DA:189,0
DA:190,0
DA:191,0
DA:192,0
DA:193,0
DA:195,2
DA:199,1
DA:201,3
DA:204,0
DA:208,0
LF:73
LH:53
end_of_record
SF:lib/providers/reviews_provider.dart
DA:8,0
DA:12,0
DA:14,0
DA:15,0
DA:16,0
DA:17,0
DA:18,0
DA:22,0
DA:25,0
DA:26,0
DA:27,0
LF:11
LH:0
end_of_record
SF:lib/repositories/wishlist_repository.dart
DA:11,2
DA:14,1
DA:15,1
DA:16,2
DA:17,3
DA:19,3
DA:21,1
DA:24,1
DA:25,1
DA:26,4
DA:29,1
DA:30,1
DA:31,2
DA:34,1
DA:35,1
DA:36,0
DA:37,4
DA:38,1
DA:39,1
DA:40,1
DA:43,1
DA:44,1
DA:45,0
DA:46,2
DA:49,1
DA:50,1
DA:51,2
DA:54,1
DA:55,1
DA:56,0
DA:57,2
DA:62,0
DA:64,0
DA:65,0
DA:66,0
DA:67,0
DA:68,0
DA:69,0
DA:70,0
DA:71,0
DA:72,0
DA:74,0
DA:78,0
LF:43
LH:28
end_of_record
SF:lib/repositories/order_repository.dart
DA:6,0
DA:7,0
DA:8,0
DA:13,0
DA:15,0
DA:17,0
DA:22,0
DA:24,0
DA:28,0
DA:30,0
DA:33,0
DA:34,0
DA:35,0
DA:36,0
DA:37,0
DA:38,0
DA:39,0
DA:40,0
DA:41,0
DA:44,0
DA:45,0
DA:46,0
DA:47,0
DA:50,0
DA:51,0
LF:25
LH:0
end_of_record
SF:lib/repository/real_product_repository.dart
DA:9,3
DA:14,3
DA:15,3
DA:16,3
DA:24,3
DA:34,6
DA:35,7
DA:36,9
DA:37,3
DA:40,2
DA:45,2
DA:46,1
DA:53,1
DA:55,1
DA:57,3
DA:58,1
DA:59,1
DA:66,0
DA:67,0
DA:73,1
DA:74,2
DA:75,1
DA:80,2
DA:84,2
DA:85,2
DA:86,2
DA:89,1
DA:97,0
LF:28
LH:25
end_of_record
SF:lib/screens/admin/admin_dashboard.dart
DA:9,2
DA:11,0
DA:13,0
DA:15,0
DA:16,0
DA:18,0
DA:19,0
DA:24,0
DA:26,0
DA:27,0
DA:37,0
DA:47,0
DA:49,0
DA:50,0
LF:14
LH:1
end_of_record
SF:lib/screens/onbording/views/onbording_screnn.dart
DA:10,2
DA:12,1
DA:13,1
DA:56,1
DA:58,2
DA:59,1
DA:62,1
DA:64,2
DA:65,1
DA:68,1
DA:70,1
DA:71,1
DA:72,1
DA:74,1
DA:75,1
DA:76,1
DA:78,1
DA:79,0
DA:80,0
DA:82,1
DA:84,1
DA:85,4
DA:89,1
DA:90,1
DA:91,1
DA:92,2
DA:93,0
DA:94,0
DA:95,0
DA:98,2
DA:99,3
DA:100,3
DA:101,3
DA:102,0
DA:103,0
DA:104,3
DA:105,1
DA:109,1
DA:110,1
DA:111,1
DA:112,2
DA:113,2
DA:115,3
DA:118,1
DA:119,1
DA:122,1
DA:123,0
DA:124,0
DA:125,0
DA:128,0
DA:131,1
DA:134,1
DA:158,1
LF:53
LH:42
end_of_record
SF:lib/screens/auth/views/login_screen.dart
DA:8,2
DA:10,0
DA:11,0
DA:17,0
DA:19,0
DA:21,0
DA:22,0
DA:23,0
DA:24,0
DA:25,0
DA:29,0
DA:31,0
DA:33,0
DA:34,0
DA:36,0
DA:43,0
DA:44,0
DA:45,0
DA:47,0
DA:48,0
DA:53,0
DA:54,0
DA:55,0
DA:58,0
DA:59,0
DA:60,0
DA:61,0
DA:64,0
DA:69,0
DA:71,0
DA:73,0
DA:74,0
DA:75,0
LF:33
LH:1
end_of_record
SF:lib/screens/auth/views/password_recovery_screen.dart
DA:6,2
DA:8,0
LF:2
LH:1
end_of_record
SF:lib/screens/auth/views/signup_screen.dart
DA:12,2
DA:14,0
DA:15,0
DA:24,0
DA:26,0
DA:27,0
DA:28,0
DA:31,0
DA:32,0
DA:33,0
DA:35,0
DA:37,0
DA:40,0
DA:44,0
DA:46,0
DA:47,0
DA:48,0
DA:49,0
DA:50,0
DA:52,0
DA:56,0
DA:58,0
DA:60,0
DA:61,0
DA:63,0
DA:70,0
DA:71,0
DA:72,0
DA:73,0
DA:75,0
DA:76,0
DA:77,0
DA:78,0
DA:79,0
DA:80,0
DA:83,0
DA:85,0
DA:86,0
DA:87,0
DA:89,0
DA:90,0
DA:91,0
DA:92,0
DA:93,0
DA:112,0
DA:113,0
DA:115,0
DA:116,0
DA:118,0
DA:121,0
DA:122,0
DA:123,0
DA:124,0
DA:127,0
DA:129,0
DA:130,0
DA:131,0
DA:132,0
DA:134,0
DA:135,0
DA:136,0
DA:141,0
DA:143,0
DA:145,0
DA:146,0
DA:147,0
LF:66
LH:1
end_of_record
SF:lib/screens/bookmark/views/bookmark_screen.dart
DA:11,2
DA:13,0
DA:15,0
DA:17,0
DA:18,0
DA:19,0
DA:22,0
DA:25,0
DA:26,0
DA:27,0
DA:28,0
DA:29,0
DA:30,0
DA:40,0
DA:41,0
DA:42,0
DA:43,0
DA:44,0
DA:46,0
DA:47,0
DA:48,0
DA:49,0
DA:50,0
DA:51,0
DA:54,0
LF:25
LH:1
end_of_record
SF:lib/screens/discover/views/discover_screen.dart
DA:9,2
DA:11,0
DA:13,0
DA:14,0
DA:15,0
DA:17,0
DA:22,0
DA:25,0
DA:27,0
DA:34,0
DA:35,0
DA:36,0
DA:37,0
DA:38,0
DA:39,0
DA:40,0
LF:16
LH:1
end_of_record
SF:lib/screens/home/views/home_screen.dart
DA:14,2
DA:16,0
DA:18,0
DA:19,0
DA:20,0
DA:21,0
DA:28,0
DA:29,0
DA:30,0
DA:33,0
DA:37,0
DA:38,0
DA:48,0
DA:49,0
DA:50,0
DA:56,0
DA:59,0
DA:60,0
DA:61,0
LF:19
LH:1
end_of_record
SF:lib/screens/kids/views/kids_screen.dart
DA:5,2
DA:7,0
LF:2
LH:1
end_of_record
SF:lib/screens/on_sale/views/on_sale_screen.dart
DA:8,2
DA:10,0
DA:12,0
DA:13,0
DA:17,0
DA:18,0
DA:19,0
DA:22,0
LF:8
LH:1
end_of_record
SF:lib/screens/product/views/product_detail_screen.dart
DA:17,2
DA:19,0
DA:22,0
DA:26,0
DA:27,0
DA:28,0
DA:29,0
DA:30,0
DA:31,0
DA:32,0
DA:38,0
DA:41,0
DA:42,0
DA:47,0
DA:53,0
DA:54,0
DA:55,0
DA:56,0
DA:58,0
DA:60,0
DA:66,0
DA:67,0
DA:68,0
DA:74,0
DA:75,0
DA:82,0
DA:87,0
DA:89,0
DA:90,0
DA:92,0
DA:93,0
DA:94,0
DA:95,0
DA:96,0
DA:97,0
DA:98,0
DA:99,0
DA:100,0
DA:101,0
DA:102,0
DA:111,0
DA:112,0
DA:114,0
DA:116,0
DA:119,0
DA:120,0
DA:121,0
DA:124,0
DA:126,0
DA:129,0
DA:130,0
DA:136,0
DA:139,0
DA:143,0
DA:145,0
DA:147,0
DA:149,0
DA:150,0
DA:151,0
DA:155,0
DA:156,0
DA:157,0
DA:158,0
DA:159,0
DA:161,0
DA:167,0
DA:168,0
DA:170,0
DA:175,0
DA:177,0
DA:182,0
DA:184,0
DA:186,0
DA:187,0
DA:196,0
DA:197,0
DA:199,0
DA:207,0
DA:209,0
DA:212,0
DA:213,0
DA:218,0
DA:219,0
DA:220,0
DA:221,0
DA:222,0
DA:225,0
DA:226,0
DA:227,0
DA:228,0
DA:229,0
DA:242,0
DA:243,0
DA:244,0
DA:245,0
DA:246,0
DA:248,0
DA:257,0
LF:98
LH:1
end_of_record
SF:lib/screens/all_products/views/all_products_screen.dart
DA:11,2
DA:13,1
DA:17,3
DA:19,1
DA:20,0
DA:22,1
DA:24,1
DA:25,1
DA:26,1
DA:28,1
DA:32,0
DA:34,0
DA:36,0
LF:13
LH:9
end_of_record
SF:lib/screens/reviews/view/product_reviews_screen.dart
DA:5,2
DA:7,0
LF:2
LH:1
end_of_record
SF:lib/screens/search/views/search_screen.dart
DA:8,2
DA:10,0
DA:12,0
DA:13,0
DA:17,0
DA:18,0
DA:19,0
DA:22,0
LF:8
LH:1
end_of_record
SF:lib/screens/address/views/addresses_screen.dart
DA:5,2
DA:7,0
LF:2
LH:1
end_of_record
SF:lib/screens/checkout/views/cart_screen.dart
DA:14,2
DA:16,1
DA:18,2
DA:20,1
DA:21,1
DA:22,1
DA:23,1
DA:25,1
DA:30,1
DA:31,0
DA:32,0
DA:42,0
DA:43,0
DA:47,0
DA:48,0
DA:49,0
DA:50,0
DA:52,0
DA:53,0
DA:57,0
DA:58,0
DA:59,0
DA:60,0
DA:61,0
DA:62,0
DA:67,0
DA:68,0
DA:70,0
DA:71,0
DA:74,0
DA:75,0
DA:76,0
DA:77,0
DA:79,0
DA:80,0
DA:81,0
DA:82,0
DA:84,0
DA:85,0
DA:88,0
DA:89,0
DA:91,0
DA:95,0
DA:96,0
DA:97,0
DA:98,0
DA:99,0
DA:101,0
DA:103,0
DA:105,0
DA:106,0
DA:108,0
DA:110,0
DA:111,0
DA:114,0
DA:115,0
DA:117,0
DA:119,0
DA:120,0
DA:123,0
DA:126,0
DA:128,0
DA:129,0
DA:137,0
DA:138,0
DA:141,0
DA:143,0
DA:144,0
DA:145,0
DA:146,0
DA:148,0
DA:149,0
DA:150,0
DA:154,0
DA:155,0
DA:161,0
DA:162,0
DA:164,0
DA:165,0
DA:179,0
DA:180,0
DA:181,0
DA:182,0
DA:183,0
DA:185,0
DA:191,0
DA:192,0
DA:193,0
DA:203,0
DA:205,0
DA:206,0
DA:207,0
DA:208,0
LF:93
LH:9
end_of_record
SF:lib/screens/notification/view/enable_notification_screen.dart
DA:5,2
DA:7,0
LF:2
LH:1
end_of_record
SF:lib/screens/notification/view/no_notification_screen.dart
DA:6,2
DA:8,0
LF:2
LH:1
end_of_record
SF:lib/screens/notification/view/notification_ontions_screen.dart
DA:5,2
DA:7,0
LF:2
LH:1
end_of_record
SF:lib/screens/notification/view/notificatios_screen.dart
DA:6,2
DA:8,0
DA:10,0
DA:11,0
DA:13,0
DA:14,0
DA:15,0
DA:16,0
DA:18,0
DA:19,0
LF:10
LH:1
end_of_record
SF:lib/screens/checkout/views/payment_method_screen.dart
DA:12,2
DA:14,0
DA:16,0
DA:31,0
DA:33,0
DA:34,0
DA:35,0
DA:38,0
DA:39,0
DA:40,0
DA:41,0
DA:43,0
DA:48,0
DA:49,0
DA:50,0
DA:60,0
DA:61,0
DA:62,0
DA:63,0
DA:64,0
DA:66,0
DA:72,0
DA:73,0
DA:74,0
DA:85,0
DA:86,0
DA:88,0
DA:89,0
DA:93,0
DA:94,0
DA:96,0
DA:98,0
DA:100,0
DA:101,0
DA:103,0
DA:105,0
DA:114,0
DA:116,0
DA:118,0
DA:122,0
DA:124,0
DA:126,0
DA:130,0
DA:132,0
DA:137,0
DA:138,0
DA:158,0
DA:159,0
DA:160,0
DA:162,0
DA:163,0
DA:165,0
DA:166,0
DA:167,0
DA:170,0
DA:172,0
DA:173,0
DA:175,0
DA:176,0
DA:177,0
DA:180,0
DA:181,0
DA:182,0
DA:183,0
DA:192,0
DA:195,0
DA:197,0
DA:205,0
DA:206,0
DA:209,0
DA:212,0
DA:213,0
DA:215,0
DA:222,0
DA:233,0
DA:234,0
DA:237,0
DA:239,0
DA:250,0
DA:257,0
DA:261,0
DA:262,0
DA:263,0
DA:265,0
DA:266,0
DA:270,0
DA:273,0
DA:277,0
DA:281,0
DA:283,0
DA:285,0
DA:286,0
DA:287,0
DA:294,0
DA:297,0
DA:298,0
DA:299,0
DA:300,0
DA:305,0
DA:307,0
DA:308,0
LF:101
LH:1
end_of_record
SF:lib/screens/order/views/orders_screen.dart
DA:10,2
DA:12,0
DA:14,0
DA:17,0
DA:18,0
DA:19,0
DA:20,0
DA:22,0
DA:27,0
DA:28,0
DA:29,0
DA:39,0
DA:41,0
DA:42,0
DA:46,0
DA:47,0
DA:48,0
DA:49,0
DA:53,0
DA:54,0
DA:55,0
DA:57,0
DA:60,0
DA:62,0
DA:63,0
DA:65,0
DA:74,0
DA:76,0
DA:77,0
DA:78,0
DA:80,0
DA:86,0
DA:87,0
DA:88,0
DA:97,0
DA:99,0
DA:100,0
DA:101,0
DA:102,0
DA:110,0
DA:112,0
DA:113,0
DA:115,0
DA:117,0
DA:119,0
DA:121,0
DA:123,0
DA:125,0
DA:126,0
DA:127,0
DA:129,0
DA:130,0
DA:131,0
DA:138,0
DA:139,0
DA:148,0
DA:149,0
DA:151,0
DA:152,0
DA:154,0
DA:157,0
DA:158,0
DA:165,0
DA:166,0
DA:173,0
DA:174,0
DA:176,0
DA:178,0
DA:179,0
DA:180,0
DA:181,0
DA:186,0
DA:187,0
DA:196,0
DA:197,0
DA:198,0
DA:200,0
DA:201,0
DA:209,0
DA:212,0
DA:214,0
DA:215,0
DA:217,0
DA:225,0
DA:226,0
DA:234,0
DA:235,0
DA:236,0
DA:238,0
DA:257,0
DA:258,0
DA:260,0
DA:261,0
DA:263,0
DA:266,0
DA:267,0
DA:269,0
DA:270,0
DA:271,0
DA:277,0
DA:278,0
DA:284,0
DA:285,0
DA:289,0
DA:290,0
DA:292,0
DA:294,0
DA:295,0
DA:296,0
DA:298,0
DA:299,0
DA:305,0
DA:306,0
DA:307,0
DA:309,0
DA:311,0
DA:312,0
DA:320,0
DA:321,0
DA:323,0
DA:325,0
DA:326,0
DA:328,0
DA:332,0
DA:334,0
DA:336,0
DA:338,0
DA:342,0
DA:343,0
DA:345,0
DA:347,0
DA:350,0
DA:358,0
DA:360,0
DA:363,0
DA:364,0
DA:367,0
DA:368,0
DA:369,0
DA:371,0
DA:373,0
DA:375,0
DA:377,0
DA:384,0
DA:385,0
DA:386,0
DA:388,0
DA:390,0
DA:392,0
DA:394,0
LF:150
LH:1
end_of_record
SF:lib/screens/preferences/views/preferences_screen.dart
DA:7,2
DA:9,0
DA:11,0
DA:12,0
DA:14,0
DA:15,0
DA:16,0
DA:21,0
DA:23,0
DA:24,0
DA:25,0
DA:30,0
DA:33,0
DA:38,0
DA:41,0
DA:46,0
DA:49,0
DA:54,0
LF:18
LH:1
end_of_record
SF:lib/screens/wallet/views/empty_wallet_screen.dart
DA:7,2
DA:9,0
DA:11,0
DA:12,0
DA:15,0
DA:16,0
DA:17,0
DA:18,0
DA:20,0
DA:22,0
DA:26,0
DA:27,0
DA:30,0
DA:33,0
DA:35,0
LF:15
LH:1
end_of_record
SF:lib/screens/wallet/views/wallet_screen.dart
DA:9,2
DA:11,0
DA:13,0
DA:14,0
DA:17,0
DA:18,0
DA:20,0
DA:21,0
DA:22,0
DA:24,0
DA:25,0
DA:27,0
DA:31,0
DA:33,0
DA:34,0
DA:36,0
DA:40,0
DA:41,0
DA:42,0
DA:44,0
DA:45,0
DA:48,0
DA:49,0
DA:58,0
LF:24
LH:1
end_of_record
SF:lib/screens/profile/views/profile_screen.dart
DA:15,2
DA:17,0
DA:19,0
DA:22,0
DA:23,0
DA:24,0
DA:25,0
DA:27,0
DA:32,0
DA:33,0
DA:34,0
DA:44,0
DA:45,0
DA:46,0
DA:47,0
DA:48,0
DA:49,0
DA:50,0
DA:51,0
DA:52,0
DA:53,0
DA:60,0
DA:61,0
DA:62,0
DA:64,0
DA:66,0
DA:68,0
DA:74,0
DA:75,0
DA:80,0
DA:83,0
DA:84,0
DA:92,0
DA:94,0
DA:96,0
DA:100,0
DA:103,0
DA:104,0
DA:107,0
DA:110,0
DA:112,0
DA:115,0
DA:117,0
DA:120,0
DA:121,0
DA:124,0
DA:127,0
DA:128,0
DA:131,0
DA:134,0
DA:135,0
DA:139,0
DA:142,0
DA:144,0
DA:147,0
DA:151,0
DA:152,0
DA:155,0
DA:158,0
DA:159,0
DA:163,0
DA:166,0
DA:168,0
DA:171,0
DA:174,0
DA:175,0
DA:178,0
DA:181,0
DA:184,0
DA:187,0
DA:189,0
DA:192,0
DA:195,0
DA:196,0
DA:199,0
DA:202,0
DA:208,0
DA:209,0
DA:210,0
DA:211,0
DA:214,0
LF:81
LH:1
end_of_record
SF:lib/screens/user_info/views/user_info_screen.dart
DA:5,2
DA:7,0
LF:2
LH:1
end_of_record
SF:lib/screens/wishlist/wishlist_screen.dart
DA:8,0
DA:10,0
DA:12,0
DA:13,0
DA:15,0
DA:16,0
DA:20,0
DA:21,0
DA:22,0
DA:24,0
DA:25,0
DA:28,0
DA:31,0
DA:33,0
DA:36,0
DA:38,0
DA:42,0
DA:43,0
DA:49,0
DA:51,0
DA:52,0
DA:53,0
DA:54,0
DA:55,0
DA:58,0
DA:59,0
DA:60,0
DA:62,0
DA:63,0
DA:66,0
DA:67,0
DA:73,0
DA:74,0
DA:76,0
DA:77,0
DA:78,0
DA:79,0
DA:80,0
DA:81,0
DA:82,0
DA:85,0
DA:86,0
DA:89,0
DA:92,0
DA:93,0
DA:94,0
DA:95,0
DA:101,0
DA:102,0
DA:104,0
DA:105,0
DA:106,0
DA:107,0
DA:117,0
DA:119,0
DA:120,0
DA:121,0
DA:122,0
DA:123,0
DA:124,0
DA:125,0
LF:61
LH:0
end_of_record
SF:lib/screens/comparison/comparison_screen.dart
DA:8,0
DA:10,0
DA:12,0
DA:13,0
DA:15,0
DA:16,0
DA:19,0
DA:20,0
DA:21,0
DA:22,0
DA:23,0
DA:25,0
DA:30,0
DA:31,0
DA:32,0
DA:35,0
DA:36,0
DA:37,0
DA:38,0
DA:39,0
DA:53,0
DA:54,0
DA:55,0
DA:57,0
DA:58,0
DA:61,0
DA:64,0
DA:66,0
DA:69,0
DA:71,0
DA:75,0
DA:76,0
DA:82,0
DA:83,0
DA:85,0
DA:87,0
DA:89,0
DA:91,0
DA:92,0
DA:93,0
DA:95,0
DA:97,0
DA:98,0
DA:99,0
DA:100,0
DA:103,0
DA:104,0
DA:107,0
DA:108,0
DA:109,0
DA:110,0
DA:112,0
DA:115,0
DA:116,0
DA:122,0
DA:124,0
DA:125,0
DA:128,0
DA:129,0
DA:130,0
DA:135,0
DA:136,0
DA:137,0
DA:146,0
DA:151,0
DA:154,0
DA:155,0
DA:158,0
DA:161,0
DA:162,0
DA:165,0
DA:168,0
DA:169,0
DA:170,0
DA:173,0
DA:176,0
DA:177,0
DA:180,0
DA:182,0
DA:183,0
DA:184,0
DA:208,0
DA:213,0
DA:215,0
DA:217,0
DA:218,0
DA:219,0
DA:221,0
DA:222,0
DA:223,0
DA:224,0
DA:225,0
DA:226,0
DA:229,0
DA:230,0
DA:232,0
DA:234,0
DA:236,0
DA:241,0
LF:99
LH:0
end_of_record
SF:lib/screens/admin/admin_products_tab.dart
DA:6,2
DA:8,0
DA:10,0
DA:12,0
DA:13,0
DA:14,0
DA:18,0
DA:20,0
DA:21,0
DA:22,0
DA:23,0
DA:24,0
DA:25,0
DA:26,0
DA:27,0
DA:32,0
DA:33,0
LF:17
LH:1
end_of_record
SF:lib/screens/admin/admin_orders_tab.dart
DA:7,2
DA:9,0
DA:11,0
DA:12,0
DA:14,0
DA:15,0
DA:16,0
DA:18,0
DA:20,0
DA:21,0
DA:22,0
DA:23,0
DA:24,0
DA:25,0
DA:26,0
DA:27,0
DA:28,0
DA:31,0
DA:36,0
DA:37,0
LF:20
LH:1
end_of_record
SF:lib/screens/admin/admin_inventory_tab.dart
DA:6,2
DA:8,0
DA:10,0
DA:12,0
DA:13,0
DA:14,0
DA:17,0
DA:19,0
DA:20,0
DA:21,0
DA:22,0
DA:23,0
DA:24,0
DA:25,0
DA:31,0
DA:32,0
LF:16
LH:1
end_of_record
SF:lib/screens/auth/views/components/login_form.dart
DA:7,0
DA:14,0
DA:15,0
DA:21,0
DA:23,0
DA:24,0
DA:25,0
DA:26,0
DA:27,0
DA:28,0
DA:31,0
DA:34,0
DA:36,0
DA:39,0
DA:43,0
DA:44,0
DA:45,0
DA:46,0
DA:47,0
DA:48,0
DA:55,0
DA:56,0
DA:59,0
DA:60,0
DA:61,0
DA:63,0
DA:66,0
DA:70,0
DA:71,0
DA:72,0
DA:73,0
DA:74,0
DA:75,0
DA:79,0
DA:80,0
DA:81,0
LF:36
LH:0
end_of_record
SF:lib/screens/auth/views/components/sign_up_form.dart
DA:8,0
DA:19,0
DA:20,0
DA:26,0
DA:28,0
DA:29,0
DA:30,0
DA:31,0
DA:32,0
DA:33,0
DA:34,0
DA:37,0
DA:39,0
DA:42,0
DA:46,0
DA:47,0
DA:48,0
DA:49,0
DA:50,0
DA:51,0
DA:59,0
DA:60,0
DA:61,0
DA:62,0
DA:63,0
DA:65,0
DA:68,0
DA:72,0
DA:73,0
DA:74,0
DA:75,0
DA:76,0
DA:77,0
DA:82,0
DA:83,0
DA:84,0
LF:36
LH:0
end_of_record
SF:lib/screens/discover/views/components/expansion_category.dart
DA:8,0
DA:18,0
DA:20,0
DA:21,0
DA:22,0
DA:23,0
DA:24,0
DA:27,0
DA:28,0
DA:32,0
DA:33,0
DA:36,0
DA:38,0
DA:39,0
DA:40,0
DA:41,0
DA:42,0
DA:43,0
DA:44,0
DA:46,0
DA:47,0
DA:51,0
LF:22
LH:0
end_of_record
SF:lib/screens/search/views/components/search_form.dart
DA:7,2
DA:28,0
DA:30,0
DA:31,0
DA:32,0
DA:33,0
DA:34,0
DA:35,0
DA:36,0
DA:37,0
DA:38,0
DA:40,0
DA:43,0
DA:44,0
DA:45,0
DA:47,0
DA:50,0
DA:53,0
DA:55,0
DA:56,0
DA:61,0
DA:62,0
DA:63,0
DA:64,0
DA:67,0
LF:25
LH:1
end_of_record
SF:lib/screens/home/views/components/best_sellers.dart
DA:11,2
DA:15,0
DA:17,0
DA:19,0
DA:21,0
DA:23,0
DA:25,0
DA:27,0
DA:32,0
DA:34,0
DA:35,0
DA:36,0
DA:37,0
DA:39,0
DA:41,0
DA:42,0
DA:43,0
DA:44,0
DA:45,0
DA:47,0
DA:49,0
DA:50,0
DA:52,0
DA:53,0
DA:54,0
DA:55,0
DA:56,0
DA:57,0
DA:60,0
LF:29
LH:1
end_of_record
SF:lib/screens/home/views/components/categories.dart
DA:13,0
DA:20,0
DA:21,0
DA:22,0
DA:26,0
DA:27,0
DA:28,0
DA:34,2
DA:38,0
DA:40,0
DA:42,0
DA:43,0
DA:44,0
DA:45,0
DA:46,0
DA:47,0
DA:48,0
DA:50,0
DA:51,0
DA:52,0
DA:53,0
DA:54,0
DA:55,0
DA:59,0
DA:62,0
DA:68,0
DA:70,0
DA:84,0
DA:97,0
DA:99,0
DA:100,0
DA:102,0
DA:105,0
DA:106,0
DA:107,0
DA:108,0
DA:110,0
DA:113,0
DA:114,0
DA:115,0
DA:116,0
DA:117,0
DA:119,0
DA:120,0
DA:124,0
DA:125,0
DA:126,0
DA:127,0
DA:130,0
DA:132,0
LF:50
LH:1
end_of_record
SF:lib/screens/home/views/components/flash_sale.dart
DA:12,2
DA:16,0
DA:18,0
DA:20,0
DA:22,0
DA:25,0
DA:28,0
DA:31,0
DA:33,0
DA:35,0
DA:40,0
DA:42,0
DA:43,0
DA:44,0
DA:45,0
DA:46,0
DA:47,0
DA:48,0
DA:50,0
DA:52,0
DA:53,0
DA:54,0
DA:55,0
DA:56,0
DA:58,0
DA:62,0
DA:63,0
DA:65,0
DA:66,0
DA:67,0
DA:68,0
DA:69,0
DA:70,0
DA:73,0
LF:34
LH:1
end_of_record
SF:lib/screens/home/views/components/most_popular.dart
DA:11,2
DA:15,0
DA:17,0
DA:19,0
DA:21,0
DA:23,0
DA:25,0
DA:27,0
DA:32,0
DA:34,0
DA:35,0
DA:36,0
DA:37,0
DA:39,0
DA:41,0
DA:42,0
DA:43,0
DA:44,0
DA:45,0
DA:48,0
DA:50,0
DA:51,0
DA:53,0
DA:54,0
DA:55,0
DA:56,0
DA:57,0
DA:58,0
DA:61,0
LF:29
LH:1
end_of_record
SF:lib/screens/home/views/components/offer_carousel_and_categories.dart
DA:8,2
DA:12,0
DA:14,0
DA:16,0
DA:21,0
DA:23,0
DA:25,0
LF:7
LH:1
end_of_record
SF:lib/screens/home/views/components/offers_carousel.dart
DA:13,2
DA:17,0
DA:18,0
DA:52,0
DA:54,0
DA:55,0
DA:56,0
DA:57,0
DA:59,0
DA:62,0
DA:63,0
DA:68,0
DA:71,0
DA:73,0
DA:74,0
DA:75,0
DA:78,0
DA:80,0
DA:82,0
DA:84,0
DA:85,0
DA:86,0
DA:87,0
DA:88,0
DA:89,0
DA:90,0
DA:93,0
DA:95,0
DA:96,0
DA:98,0
DA:100,0
DA:101,0
DA:102,0
DA:103,0
DA:104,0
DA:107,0
DA:108,0
LF:37
LH:1
end_of_record
SF:lib/screens/home/views/components/popular_products.dart
DA:10,2
DA:14,1
DA:16,2
DA:17,1
DA:19,1
DA:21,1
DA:23,1
DA:25,1
DA:27,3
DA:30,1
DA:32,1
DA:34,1
DA:35,2
DA:38,1
DA:39,1
DA:41,1
DA:42,0
DA:43,0
DA:45,0
DA:47,0
DA:48,0
DA:50,0
DA:51,0
DA:52,0
DA:53,0
DA:54,0
DA:55,0
DA:58,0
LF:28
LH:16
end_of_record
SF:lib/screens/onbording/views/components/onbording_content.dart
DA:6,1
DA:17,1
DA:19,1
DA:20,1
DA:23,1
DA:24,0
DA:25,0
DA:26,0
DA:28,1
DA:32,1
DA:33,1
DA:36,2
DA:37,1
DA:38,1
DA:44,1
DA:51,2
DA:59,1
DA:61,1
DA:62,1
DA:63,1
DA:64,1
DA:66,1
DA:67,1
DA:68,1
DA:69,1
DA:72,1
DA:73,1
LF:27
LH:24
end_of_record
SF:lib/screens/preferences/views/components/prederence_list_tile.dart
DA:7,0
DA:19,0
DA:21,0
DA:22,0
DA:23,0
DA:24,0
DA:25,0
DA:27,0
DA:29,0
DA:30,0
DA:31,0
DA:32,0
DA:33,0
DA:34,0
DA:37,0
DA:38,0
DA:39,0
DA:42,0
LF:18
LH:0
end_of_record
SF:lib/screens/product/widgets/reviews_section.dart
DA:7,0
DA:9,0
DA:10,0
DA:16,0
DA:18,0
DA:19,0
DA:22,0
DA:24,0
DA:25,0
DA:27,0
DA:29,0
DA:31,0
DA:32,0
DA:34,0
DA:35,0
DA:37,0
DA:38,0
DA:39,0
DA:41,0
DA:42,0
DA:44,0
DA:49,0
DA:50,0
DA:52,0
DA:53,0
DA:54,0
DA:55,0
DA:56,0
DA:57,0
DA:59,0
DA:60,0
LF:31
LH:0
end_of_record
SF:lib/screens/profile/views/components/profile_card.dart
DA:8,0
DA:25,0
DA:27,0
DA:28,0
DA:29,0
DA:31,0
DA:32,0
DA:36,0
DA:37,0
DA:38,0
DA:39,0
DA:45,0
DA:46,0
DA:54,0
DA:55,0
DA:68,0
DA:69,0
DA:70,0
DA:72,0
LF:19
LH:0
end_of_record
SF:lib/screens/profile/views/components/profile_menu_item_list_tile.dart
DA:6,0
DA:18,0
DA:20,0
DA:22,0
DA:23,0
DA:26,0
DA:27,0
DA:31,0
DA:32,0
DA:35,0
DA:36,0
LF:11
LH:0
end_of_record
SF:lib/theme/input_decoration_theme.dart
DA:44,0
DA:45,0
DA:47,0
DA:48,0
LF:4
LH:0
end_of_record
SF:lib/screens/wallet/views/components/wallet_balance_card.dart
DA:6,0
DA:15,0
DA:17,0
DA:19,0
DA:20,0
DA:21,0
DA:22,0
DA:32,0
DA:34,0
DA:43,0
DA:44,0
DA:45,0
DA:46,0
DA:47,0
DA:48,0
DA:54,0
DA:55,0
DA:56,0
LF:18
LH:0
end_of_record
SF:lib/screens/wallet/views/components/wallet_history_card.dart
DA:8,0
DA:21,0
DA:23,0
DA:24,0
DA:27,0
DA:29,0
DA:30,0
DA:31,0
DA:33,0
DA:34,0
DA:35,0
DA:39,0
DA:40,0
DA:42,0
DA:43,0
DA:44,0
DA:46,0
DA:49,0
DA:50,0
DA:51,0
DA:52,0
DA:53,0
DA:54,0
DA:55,0
DA:56,0
DA:61,0
DA:62,0
DA:63,0
DA:68,0
DA:69,0
DA:70,0
DA:71,0
DA:72,0
DA:73,0
DA:74,0
LF:35
LH:0
end_of_record
SF:lib/utils/device_cache_config.dart
DA:27,0
DA:36,0
DA:38,0
DA:45,0
DA:47,0
DA:62,0
DA:64,0
DA:74,0
DA:77,0
DA:84,0
DA:86,0
DA:88,0
DA:96,0
DA:102,0
DA:103,0
DA:104,0
DA:108,0
DA:110,0
DA:111,0
DA:112,0
DA:113,0
DA:114,0
DA:115,0
DA:119,0
DA:121,0
LF:25
LH:0
end_of_record
SF:lib/main.dart
DA:21,0
DA:22,0
DA:26,0
DA:29,0
DA:32,0
DA:39,1
DA:41,1
DA:42,1
DA:46,1
DA:48,1
DA:49,2
DA:51,3
DA:52,1
DA:55,0
DA:60,1
DA:62,2
DA:63,1
DA:66,0
DA:68,0
DA:69,0
DA:73,0
DA:76,0
DA:81,0
DA:86,1
DA:88,1
DA:91,1
LF:26
LH:14
end_of_record
SF:lib/config/emulator_config.dart
DA:42,0
DA:47,0
DA:50,0
DA:53,0
DA:66,0
DA:67,0
DA:68,0
DA:72,0
DA:73,0
DA:74,0
LF:10
LH:0
end_of_record
SF:lib/theme/app_theme.dart
DA:10,1
DA:11,1
DA:21,1
DA:22,1
DA:23,1
DA:25,2
DA:29,1
DA:30,1
LF:8
LH:8
end_of_record
SF:lib/services/service_locator.dart
DA:13,0
DA:16,0
DA:19,0
DA:20,0
DA:23,0
DA:26,0
DA:27,0
DA:31,0
DA:32,0
DA:36,1
DA:40,0
DA:47,0
DA:49,0
DA:50,0
DA:53,0
DA:54,0
DA:60,0
DA:62,0
DA:63,0
DA:64,0
DA:66,0
LF:21
LH:1
end_of_record
SF:lib/services/firebase_service.dart
DA:14,0
DA:17,0
DA:22,0
DA:24,0
DA:28,0
DA:32,0
DA:33,0
DA:42,0
LF:8
LH:0
end_of_record
SF:lib/services/cache/hive_cache.dart
DA:17,3
DA:19,3
DA:20,9
DA:21,3
DA:22,3
DA:28,4
DA:30,4
DA:31,6
DA:34,9
DA:37,3
DA:39,3
DA:42,3
DA:44,3
DA:45,6
DA:48,2
DA:49,2
DA:51,2
DA:52,4
DA:53,2
DA:57,2
DA:61,0
DA:66,3
DA:68,3
DA:70,9
DA:71,6
DA:72,6
DA:75,1
DA:77,1
DA:78,2
DA:81,2
DA:83,2
DA:84,4
DA:87,0
DA:89,0
DA:90,0
DA:93,0
DA:94,0
DA:96,0
DA:97,0
DA:98,0
DA:104,0
LF:41
LH:31
end_of_record
SF:lib/services/cache/memory_cache.dart
DA:9,1
DA:11,5
DA:20,1
DA:22,1
DA:26,1
DA:28,1
DA:29,2
DA:31,1
DA:32,0
DA:35,1
DA:38,1
DA:40,1
DA:41,2
DA:42,3
DA:45,0
DA:47,0
DA:50,0
DA:52,0
DA:55,0
DA:57,0
DA:59,0
DA:60,0
LF:22
LH:13
end_of_record
SF:lib/services/telemetry/dev_telemetry.dart
DA:8,0
DA:10,0
DA:13,0
DA:15,0
DA:18,0
DA:21,0
DA:22,0
DA:23,0
DA:26,0
DA:28,0
DA:29,0
DA:33,0
DA:35,0
DA:38,0
DA:40,0
LF:15
LH:0
end_of_record
SF:lib/services/telemetry/sentry_telemetry.dart
DA:9,0
DA:11,0
DA:13,0
DA:14,0
DA:15,0
DA:16,0
DA:17,0
DA:23,0
DA:26,0
DA:27,0
DA:30,0
DA:33,0
DA:34,0
DA:37,0
DA:41,0
DA:48,0
DA:51,0
DA:52,0
DA:57,0
DA:59,0
DA:60,0
LF:21
LH:0
end_of_record
SF:lib/theme/button_theme.dart
DA:5,3
DA:6,1
DA:17,1
DA:19,1
DA:20,1
DA:23,1
DA:31,3
DA:32,1
LF:8
LH:8
end_of_record
SF:lib/theme/checkbox_themedata.dart
DA:5,3
DA:6,1
LF:2
LH:2
end_of_record
SF:lib/theme/theme_data.dart
DA:27,3
DA:28,1
DA:31,3
DA:33,1
DA:34,1
DA:36,1
DA:45,0
DA:47,0
DA:48,0
DA:50,0
LF:10
LH:6
end_of_record
SF:lib/screens/auth/login_screen.dart
DA:8,1
DA:10,0
DA:11,0
DA:19,0
DA:21,0
DA:22,0
DA:23,0
DA:26,0
DA:28,0
DA:30,0
DA:31,0
DA:32,0
DA:34,0
DA:35,0
DA:36,0
DA:38,0
DA:41,0
DA:43,0
DA:44,0
DA:45,0
DA:47,0
DA:48,0
DA:49,0
DA:50,0
DA:55,0
DA:57,0
DA:59,0
DA:61,0
DA:62,0
DA:63,0
DA:64,0
DA:65,0
DA:66,0
DA:67,0
DA:68,0
DA:69,0
DA:70,0
DA:72,0
DA:73,0
DA:79,0
DA:80,0
DA:81,0
DA:82,0
DA:90,0
DA:91,0
DA:92,0
DA:94,0
DA:96,0
DA:99,0
LF:49
LH:1
end_of_record
SF:lib/features/inventory/repositories/inventory_repository.dart
DA:6,1
DA:8,3
DA:10,0
DA:11,0
DA:12,0
DA:13,0
DA:17,1
DA:18,2
DA:19,3
DA:20,1
DA:21,1
DA:22,1
DA:23,2
DA:24,2
DA:25,2
DA:26,3
DA:32,1
DA:33,2
DA:34,3
DA:35,1
DA:36,1
DA:37,1
DA:38,2
DA:39,2
DA:40,2
DA:45,1
DA:46,2
DA:47,3
DA:48,1
DA:49,1
DA:50,1
DA:51,2
DA:52,2
DA:53,2
DA:54,2
DA:55,1
DA:56,1
LF:37
LH:33
end_of_record
SF:lib/repository/search_repository.dart
DA:37,0
DA:38,0
DA:39,0
DA:40,0
DA:53,5
DA:54,2
DA:57,3
DA:58,6
DA:62,0
DA:63,0
DA:66,5
DA:68,5
DA:69,10
DA:70,10
DA:71,10
DA:73,15
DA:75,15
DA:77,15
DA:79,10
DA:80,15
DA:81,15
DA:82,10
DA:83,10
DA:87,10
DA:89,15
DA:97,5
DA:100,5
DA:102,10
DA:105,11
DA:106,6
DA:108,3
DA:109,3
DA:110,9
DA:111,9
DA:113,3
DA:117,5
DA:119,3
DA:120,3
DA:121,12
DA:122,8
DA:124,3
DA:128,5
DA:129,5
DA:132,2
DA:134,0
DA:136,2
DA:137,10
DA:139,2
DA:140,10
DA:142,0
DA:145,0
DA:151,5
DA:153,15
DA:155,19
DA:156,10
DA:158,5
DA:161,5
DA:162,10
DA:163,5
DA:164,5
DA:172,2
DA:174,3
DA:177,2
DA:179,2
DA:180,2
DA:181,10
DA:182,6
DA:183,2
DA:184,2
DA:187,2
DA:189,2
DA:192,2
DA:200,2
DA:202,2
DA:206,1
DA:208,1
DA:209,1
DA:210,1
DA:217,5
DA:218,10
DA:219,12
DA:223,5
DA:225,5
DA:233,5
DA:234,5
DA:235,15
DA:236,5
DA:237,15
DA:238,15
LF:89
LH:80
end_of_record
SF:lib/models/search_models.dart
DA:24,6
DA:27,0
DA:28,0
DA:29,0
DA:30,0
DA:34,1
DA:37,0
DA:38,0
DA:39,0
DA:40,0
DA:42,0
DA:43,0
DA:45,0
DA:46,0
DA:48,4
DA:49,2
DA:50,2
DA:53,2
DA:54,2
DA:55,2
DA:69,6
DA:80,1
DA:81,1
DA:82,1
DA:83,1
DA:84,1
DA:87,2
DA:90,1
DA:91,1
DA:92,1
DA:93,1
DA:94,1
DA:95,1
DA:96,2
DA:98,1
DA:102,1
DA:111,1
DA:112,0
DA:113,1
DA:114,1
DA:115,1
DA:116,1
DA:117,1
DA:118,1
DA:122,0
DA:125,0
DA:126,0
DA:127,0
DA:128,0
DA:129,0
DA:130,0
DA:131,0
DA:132,0
DA:133,0
DA:135,0
DA:137,0
DA:138,0
DA:139,0
DA:140,0
DA:141,0
DA:142,0
DA:143,0
DA:145,0
DA:147,0
DA:149,4
DA:150,2
DA:151,2
DA:152,3
DA:153,2
DA:154,4
DA:155,2
DA:156,2
DA:159,2
DA:160,1
DA:161,1
DA:163,0
DA:164,1
DA:166,1
DA:167,2
DA:169,1
DA:170,1
DA:172,1
DA:173,4
DA:174,0
DA:176,1
DA:177,1
DA:187,2
DA:194,1
DA:195,4
DA:198,0
DA:203,0
DA:204,0
DA:205,0
DA:206,0
DA:211,1
DA:215,0
DA:218,0
DA:219,0
DA:220,0
DA:221,0
DA:222,0
DA:224,0
DA:226,0
DA:228,0
DA:230,0
DA:239,2
DA:245,0
DA:248,0
DA:249,0
DA:250,0
DA:251,0
DA:252,0
DA:254,0
DA:255,0
DA:257,0
DA:258,0
DA:260,2
DA:261,1
DA:262,1
DA:263,1
DA:266,2
DA:267,1
DA:268,1
DA:269,1
DA:278,2
DA:283,0
DA:286,0
DA:287,0
DA:288,0
DA:289,0
DA:291,0
DA:292,0
DA:294,0
DA:296,0
DA:298,2
DA:299,5
DA:300,2
DA:303,2
DA:304,1
DA:305,2
DA:306,2
DA:307,1
DA:308,1
DA:309,2
DA:322,6
DA:333,6
DA:341,4
DA:342,8
DA:343,4
DA:344,2
DA:345,2
DA:346,2
DA:347,4
DA:348,2
DA:349,2
DA:350,2
DA:351,2
DA:354,2
DA:355,1
DA:356,1
DA:357,1
DA:359,3
DA:360,1
DA:361,2
DA:363,2
DA:364,1
DA:365,2
DA:366,1
DA:367,1
DA:368,1
DA:369,1
DA:373,0
DA:376,0
DA:377,0
DA:380,0
DA:381,0
DA:388,0
DA:400,0
DA:401,0
DA:402,0
DA:403,0
DA:404,0
DA:405,0
DA:406,0
DA:407,0
DA:408,0
DA:409,0
DA:410,0
DA:414,0
DA:416,0
LF:190
LH:102
end_of_record
SF:lib/providers/search_repository_provider.dart
DA:17,3
DA:18,0
DA:19,0
DA:26,3
DA:27,0
DA:30,0
DA:34,0
LF:7
LH:2
end_of_record
SF:lib/providers/search_provider.dart
DA:16,8
DA:19,4
DA:20,4
DA:23,8
DA:26,8
DA:29,8
DA:34,8
DA:37,4
DA:46,4
DA:47,2
DA:48,2
DA:49,2
DA:50,2
DA:51,2
DA:52,2
DA:53,2
DA:56,1
DA:58,1
DA:59,1
DA:60,1
DA:74,2
DA:75,2
DA:76,2
DA:77,2
DA:78,3
DA:81,1
DA:87,1
DA:90,1
DA:96,0
DA:97,0
DA:98,0
DA:99,0
DA:100,0
DA:102,0
DA:105,0
DA:111,0
DA:114,0
DA:120,0
DA:121,0
DA:122,0
DA:123,0
DA:127,0
DA:128,0
DA:129,0
DA:130,0
DA:134,0
DA:135,0
DA:136,0
DA:137,0
DA:140,0
DA:146,0
DA:149,0
DA:159,4
DA:162,4
DA:165,4
DA:172,4
DA:173,2
DA:174,2
DA:175,2
DA:176,2
DA:178,1
DA:179,1
DA:185,4
DA:186,1
DA:187,4
DA:188,4
DA:189,4
DA:190,4
DA:191,4
DA:192,4
DA:193,4
DA:194,4
DA:195,4
DA:200,4
DA:201,1
DA:202,2
DA:203,1
DA:204,4
DA:205,4
DA:207,5
DA:209,1
DA:216,4
DA:217,1
DA:218,4
DA:223,4
DA:224,1
DA:225,4
DA:230,4
DA:231,1
DA:232,4
DA:237,4
DA:238,1
DA:239,4
DA:240,5
DA:243,1
DA:244,4
DA:246,4
LF:97
LH:73
end_of_record
SF:lib/repository/search_cache.dart
DA:15,2
DA:16,2
DA:17,2
DA:18,2
DA:19,6
DA:20,2
DA:21,4
DA:27,1
DA:28,1
DA:48,1
DA:55,0
DA:56,0
DA:58,0
DA:59,0
DA:60,0
DA:61,0
DA:62,0
DA:63,0
DA:64,0
DA:80,2
DA:88,2
DA:92,2
DA:94,8
DA:100,2
DA:101,2
DA:102,4
DA:104,4
DA:108,2
DA:109,2
DA:113,1
DA:114,1
DA:115,2
DA:119,1
DA:120,1
DA:121,2
DA:123,2
DA:127,2
DA:128,1
DA:132,1
DA:134,3
DA:138,1
DA:140,2
DA:142,2
DA:146,2
DA:147,2
DA:151,1
DA:158,2
DA:159,2
DA:162,2
DA:166,0
DA:170,0
DA:174,1
DA:175,1
DA:176,1
DA:177,1
DA:179,1
DA:184,1
DA:185,1
DA:186,1
DA:187,2
LF:60
LH:49
end_of_record
SF:lib/repository/firestore_search_repository.dart
DA:22,0
DA:26,0
DA:30,0
DA:35,0
DA:37,0
DA:39,0
DA:40,0
DA:41,0
DA:46,0
DA:48,0
DA:50,0
DA:51,0
DA:54,0
DA:55,0
DA:56,0
DA:59,0
DA:60,0
DA:66,0
DA:68,0
DA:69,0
DA:70,0
DA:71,0
DA:72,0
DA:73,0
DA:74,0
DA:75,0
DA:76,0
DA:79,0
DA:80,0
DA:84,0
DA:88,0
DA:89,0
DA:90,0
DA:91,0
DA:92,0
DA:93,0
DA:94,0
DA:95,0
DA:97,0
DA:98,0
DA:105,0
DA:108,0
DA:109,0
DA:113,0
DA:114,0
DA:117,0
DA:120,0
DA:123,0
DA:126,0
DA:128,0
DA:129,0
DA:130,0
DA:131,0
DA:133,0
DA:134,0
DA:141,0
DA:142,0
DA:144,0
DA:145,0
DA:146,0
DA:147,0
DA:148,0
DA:152,0
DA:156,0
DA:159,0
DA:164,0
DA:165,0
DA:166,0
DA:168,0
DA:169,0
DA:171,0
DA:175,0
DA:176,0
DA:180,0
DA:183,0
DA:185,0
DA:193,0
DA:195,0
DA:205,0
DA:207,0
DA:208,0
DA:209,0
DA:214,0
DA:215,0
DA:216,0
DA:217,0
DA:218,0
DA:219,0
DA:220,0
DA:221,0
DA:222,0
DA:223,0
DA:227,0
DA:229,0
DA:236,0
DA:238,0
DA:239,0
DA:240,0
DA:246,0
DA:247,0
DA:248,0
DA:249,0
DA:250,0
DA:251,0
DA:252,0
DA:255,0
DA:256,0
DA:257,0
DA:259,0
DA:261,0
DA:269,0
DA:271,0
DA:272,0
DA:273,0
DA:277,0
DA:278,0
DA:281,0
DA:282,0
DA:283,0
DA:285,0
DA:286,0
DA:289,0
DA:290,0
DA:292,0
DA:293,0
DA:300,0
DA:302,0
DA:303,0
DA:308,0
DA:309,0
DA:315,0
DA:317,0
DA:319,0
LF:133
LH:0
end_of_record
