SF:lib/main.dart
DA:6,0
DA:7,0
DA:14,1
DA:17,1
DA:19,1
DA:22,1
LF:6
LH:4
end_of_record
SF:lib/components/Banner/M/banner_m.dart
DA:6,0
DA:16,0
DA:18,0
DA:20,0
DA:21,0
DA:22,0
DA:23,0
DA:24,0
DA:25,0
DA:26,0
LF:10
LH:0
end_of_record
SF:lib/components/network_image_with_loader.dart
DA:10,1
DA:20,0
DA:22,0
DA:23,0
DA:24,0
DA:25,0
DA:26,0
DA:27,0
DA:28,0
DA:29,0
DA:31,0
DA:35,0
DA:36,0
LF:13
LH:1
end_of_record
SF:lib/components/Banner/M/banner_m_style_1.dart
DA:7,0
DA:17,0
DA:19,0
DA:20,0
DA:21,0
DA:22,0
DA:23,0
DA:25,0
DA:27,0
DA:29,0
DA:30,0
DA:31,0
DA:32,0
LF:13
LH:0
end_of_record
SF:lib/constants.dart
DA:69,0
DA:70,0
DA:71,0
DA:72,0
DA:76,0
DA:77,0
DA:78,0
LF:7
LH:0
end_of_record
SF:lib/components/Banner/M/banner_m_style_2.dart
DA:9,0
DA:23,0
DA:25,0
DA:26,0
DA:27,0
DA:28,0
DA:29,0
DA:31,0
DA:33,0
DA:34,0
DA:35,0
DA:38,0
DA:39,0
DA:40,0
DA:50,0
DA:51,0
DA:52,0
DA:63,0
DA:66,0
DA:67,0
DA:68,0
DA:72,0
DA:82,0
DA:84,0
LF:24
LH:0
end_of_record
SF:lib/components/Banner/banner_discount_tag.dart
DA:7,0
DA:18,0
DA:20,0
DA:21,0
DA:22,0
DA:23,0
DA:25,0
DA:26,0
DA:32,0
DA:33,0
DA:35,0
DA:38,0
LF:12
LH:0
end_of_record
SF:lib/components/Banner/M/banner_m_style_3.dart
DA:10,0
DA:22,0
DA:24,0
DA:25,0
DA:26,0
DA:27,0
DA:28,0
DA:30,0
DA:32,0
DA:33,0
DA:34,0
DA:37,0
DA:38,0
DA:43,0
DA:44,0
DA:53,0
DA:54,0
DA:67,0
DA:70,0
DA:71,0
DA:72,0
DA:76,0
LF:22
LH:0
end_of_record
SF:lib/components/Banner/M/banner_m_style_4.dart
DA:10,0
DA:24,0
DA:26,0
DA:27,0
DA:28,0
DA:29,0
DA:30,0
DA:32,0
DA:34,0
DA:35,0
DA:36,0
DA:39,0
DA:40,0
DA:41,0
DA:46,0
DA:47,0
DA:55,0
DA:56,0
DA:57,0
DA:67,0
DA:68,0
DA:80,0
DA:83,0
DA:84,0
DA:85,0
DA:89,0
LF:26
LH:0
end_of_record
SF:lib/components/Banner/M/banner_m_with_counter.dart
DA:11,0
DA:23,0
DA:24,0
DA:31,0
DA:33,0
DA:34,0
DA:35,0
DA:36,0
DA:39,0
DA:42,0
DA:44,0
DA:45,0
DA:48,0
DA:50,0
DA:51,0
DA:52,0
DA:53,0
DA:54,0
DA:56,0
DA:57,0
DA:58,0
DA:68,0
DA:70,0
DA:71,0
DA:72,0
DA:74,0
DA:77,0
DA:79,0
DA:80,0
DA:81,0
DA:82,0
DA:83,0
DA:85,0
DA:88,0
DA:90,0
DA:91,0
DA:92,0
DA:93,0
DA:94,0
LF:39
LH:0
end_of_record
SF:lib/components/blur_container.dart
DA:8,0
DA:19,0
DA:21,0
DA:25,0
DA:26,0
DA:27,0
DA:28,0
DA:29,0
DA:31,0
DA:32,0
DA:33,0
DA:34,0
DA:35,0
LF:13
LH:0
end_of_record
SF:lib/components/Banner/S/banner_s.dart
DA:6,0
DA:16,0
DA:18,0
DA:20,0
DA:21,0
DA:22,0
DA:23,0
DA:24,0
DA:25,0
DA:26,0
LF:10
LH:0
end_of_record
SF:lib/components/Banner/S/banner_s_style_1.dart
DA:9,0
DA:23,0
DA:25,0
DA:26,0
DA:27,0
DA:28,0
DA:29,0
DA:31,0
DA:33,0
DA:34,0
DA:35,0
DA:38,0
DA:39,0
DA:40,0
DA:50,0
DA:51,0
DA:52,0
DA:63,0
DA:66,0
DA:67,0
DA:68,0
DA:72,0
DA:82,0
DA:84,0
DA:85,0
LF:25
LH:0
end_of_record
SF:lib/components/Banner/S/banner_s_style_5.dart
DA:9,0
DA:23,0
DA:25,0
DA:26,0
DA:27,0
DA:28,0
DA:29,0
DA:31,0
DA:33,0
DA:34,0
DA:35,0
DA:38,0
DA:39,0
DA:40,0
DA:45,0
DA:46,0
DA:54,0
DA:55,0
DA:56,0
DA:66,0
DA:67,0
DA:68,0
DA:80,0
LF:23
LH:0
end_of_record
SF:lib/components/buy_full_ui_kit.dart
DA:11,1
DA:15,0
DA:16,0
DA:23,0
DA:24,0
DA:25,0
DA:33,0
DA:35,0
DA:36,0
DA:37,0
DA:40,0
DA:41,0
DA:42,0
DA:43,0
DA:45,0
DA:47,0
DA:48,0
DA:55,0
DA:57,0
DA:58,0
DA:59,0
DA:62,0
DA:64,0
DA:65,0
DA:67,0
DA:69,0
DA:70,0
DA:71,0
DA:72,0
DA:73,0
DA:74,0
DA:79,0
DA:80,0
DA:82,0
DA:83,0
DA:86,0
DA:87,0
DA:88,0
DA:89,0
DA:90,0
DA:92,0
DA:93,0
DA:94,0
DA:100,0
DA:102,0
DA:103,0
DA:105,0
DA:112,0
DA:113,0
DA:114,0
DA:115,0
DA:116,0
DA:117,0
DA:120,0
DA:121,0
DA:122,0
DA:124,0
DA:125,0
DA:126,0
DA:127,0
DA:134,0
DA:135,0
DA:145,0
DA:146,0
DA:147,0
DA:148,0
DA:152,0
LF:67
LH:1
end_of_record
SF:lib/components/cart_button.dart
DA:6,0
DA:18,0
DA:20,0
DA:21,0
DA:24,0
DA:26,0
DA:34,0
DA:35,0
DA:36,0
DA:37,0
DA:38,0
DA:40,0
DA:43,0
DA:46,0
DA:47,0
DA:48,0
DA:49,0
DA:50,0
DA:51,0
DA:52,0
DA:54,0
DA:55,0
DA:64,0
DA:66,0
DA:69,0
DA:70,0
DA:71,0
DA:72,0
DA:73,0
DA:74,0
DA:75,0
LF:31
LH:0
end_of_record
SF:lib/components/check_mark.dart
DA:7,1
DA:18,0
DA:20,0
DA:22,0
DA:23,0
DA:24,0
DA:25,0
DA:27,0
LF:8
LH:1
end_of_record
SF:lib/components/custom_modal_bottom_sheet.dart
DA:5,0
DA:11,0
DA:17,0
DA:24,0
DA:25,0
LF:5
LH:0
end_of_record
SF:lib/components/dot_indicators.dart
DA:6,1
DA:17,1
DA:19,1
DA:21,1
DA:23,1
DA:24,1
DA:25,1
DA:26,2
LF:8
LH:8
end_of_record
SF:lib/components/list_tile/divider_list_tile.dart
DA:5,0
DA:20,0
DA:22,0
DA:23,0
DA:24,0
DA:25,0
DA:26,0
DA:27,0
DA:28,0
DA:29,0
DA:30,0
DA:32,0
DA:33,0
DA:38,0
DA:45,0
DA:58,0
DA:60,0
DA:61,0
DA:62,0
DA:63,0
DA:65,0
DA:66,0
DA:69,0
DA:70,0
DA:72,0
DA:73,0
DA:76,0
DA:78,0
DA:79,0
DA:81,0
DA:82,0
DA:84,0
DA:85,0
DA:92,0
LF:34
LH:0
end_of_record
SF:lib/components/skleton/skelton.dart
DA:6,1
DA:17,0
DA:19,0
DA:20,0
DA:21,0
DA:23,0
DA:24,0
DA:25,0
DA:31,0
DA:35,0
DA:37,0
DA:38,0
DA:39,0
DA:41,0
DA:43,0
LF:15
LH:1
end_of_record
SF:lib/components/product/product_card.dart
DA:7,0
DA:23,0
DA:25,0
DA:26,0
DA:27,0
DA:31,0
DA:32,0
DA:33,0
DA:35,0
DA:36,0
DA:37,0
DA:38,0
DA:39,0
DA:40,0
DA:41,0
DA:42,0
DA:51,0
DA:52,0
DA:63,0
DA:64,0
DA:67,0
DA:69,0
DA:70,0
DA:71,0
DA:72,0
DA:73,0
DA:74,0
DA:75,0
DA:78,0
DA:79,0
DA:82,0
DA:83,0
DA:84,0
DA:85,0
DA:88,0
DA:89,0
DA:90,0
DA:91,0
DA:92,0
DA:100,0
DA:101,0
DA:102,0
DA:103,0
DA:104,0
DA:105,0
DA:106,0
DA:113,0
DA:114,0
LF:48
LH:0
end_of_record
SF:lib/components/product/secondary_product_card.dart
DA:7,0
DA:26,0
DA:28,0
DA:29,0
DA:30,0
DA:31,0
DA:35,0
DA:36,0
DA:37,0
DA:39,0
DA:40,0
DA:41,0
DA:42,0
DA:43,0
DA:44,0
DA:45,0
DA:46,0
DA:55,0
DA:56,0
DA:68,0
DA:69,0
DA:71,0
DA:73,0
DA:74,0
DA:75,0
DA:76,0
DA:77,0
DA:78,0
DA:79,0
DA:82,0
DA:83,0
DA:86,0
DA:87,0
DA:88,0
DA:89,0
DA:92,0
DA:93,0
DA:94,0
DA:95,0
DA:96,0
DA:104,0
DA:105,0
DA:106,0
DA:107,0
DA:108,0
DA:109,0
DA:110,0
DA:117,0
DA:118,0
LF:49
LH:0
end_of_record
SF:lib/components/review_card.dart
DA:8,1
DA:27,0
DA:29,0
DA:32,0
DA:33,0
DA:37,0
DA:38,0
DA:39,0
DA:40,0
DA:42,0
DA:43,0
DA:44,0
DA:45,0
DA:46,0
DA:47,0
DA:48,0
DA:49,0
DA:50,0
DA:51,0
DA:53,0
DA:58,0
DA:60,0
DA:61,0
DA:64,0
DA:65,0
DA:66,0
DA:67,0
DA:68,0
DA:72,0
DA:73,0
DA:74,0
DA:80,0
DA:81,0
DA:82,0
DA:83,0
DA:84,0
DA:85,0
DA:86,0
DA:87,0
DA:98,0
DA:107,0
DA:109,0
DA:110,0
DA:111,0
DA:112,0
DA:113,0
DA:115,0
DA:116,0
DA:117,0
DA:118,0
DA:122,0
DA:123,0
DA:127,0
DA:130,0
DA:131,0
DA:132,0
DA:133,0
DA:134,0
DA:135,0
LF:59
LH:1
end_of_record
SF:lib/entry_point.dart
DA:8,1
DA:10,0
DA:11,0
DA:25,0
DA:27,0
DA:28,0
DA:31,0
DA:33,0
DA:34,0
DA:39,0
DA:40,0
DA:44,0
DA:48,0
DA:50,0
DA:51,0
DA:55,0
DA:56,0
DA:57,0
DA:58,0
DA:60,0
DA:63,0
DA:64,0
DA:68,0
DA:69,0
DA:70,0
DA:72,0
DA:75,0
DA:76,0
DA:83,0
DA:85,0
DA:86,0
DA:92,0
DA:94,0
DA:96,0
DA:99,0
DA:100,0
DA:101,0
DA:102,0
DA:103,0
DA:104,0
DA:108,0
DA:116,0
DA:117,0
DA:118,0
DA:119,0
DA:122,0
DA:123,0
DA:125,0
DA:128,0
DA:129,0
DA:131,0
DA:134,0
DA:135,0
DA:136,0
DA:139,0
DA:140,0
DA:142,0
LF:57
LH:1
end_of_record
SF:lib/route/router.dart
DA:65,1
DA:66,1
DA:67,1
DA:68,1
DA:69,1
DA:75,0
DA:76,0
DA:77,0
DA:79,0
DA:80,0
DA:81,0
DA:87,0
DA:88,0
DA:89,0
DA:131,0
DA:132,0
DA:133,0
DA:134,0
DA:135,0
DA:138,0
DA:139,0
DA:140,0
DA:146,0
DA:147,0
DA:148,0
DA:162,0
DA:163,0
DA:164,0
DA:166,0
DA:167,0
DA:168,0
DA:170,0
DA:171,0
DA:172,0
DA:174,0
DA:175,0
DA:176,0
DA:182,0
DA:183,0
DA:184,0
DA:186,0
DA:187,0
DA:188,0
DA:190,0
DA:191,0
DA:192,0
DA:202,0
DA:203,0
DA:204,0
DA:214,0
DA:215,0
DA:216,0
DA:218,0
DA:219,0
DA:220,0
DA:222,0
DA:223,0
DA:224,0
DA:226,0
DA:227,0
DA:228,0
DA:238,0
DA:239,0
DA:240,0
DA:246,0
DA:247,0
DA:248,0
DA:270,0
DA:271,0
DA:272,0
DA:278,0
DA:279,0
DA:280,0
DA:282,0
DA:283,0
DA:284,0
DA:286,0
DA:287,0
DA:288,0
DA:303,0
DA:305,0
LF:81
LH:5
end_of_record
SF:lib/theme/app_theme.dart
DA:10,1
DA:11,1
DA:21,1
DA:22,1
DA:23,1
DA:25,2
DA:29,1
DA:30,1
LF:8
LH:8
end_of_record
SF:lib/models/category_model.dart
DA:6,0
DA:14,0
DA:15,0
DA:16,0
DA:17,0
DA:18,0
DA:21,0
DA:22,0
DA:25,0
DA:26,0
DA:27,0
DA:28,0
DA:29,0
DA:30,0
DA:33,0
DA:36,0
DA:37,0
DA:38,0
DA:39,0
DA:42,0
DA:45,0
DA:46,0
DA:47,0
DA:48,0
DA:51,0
DA:54,0
DA:55,0
DA:56,0
LF:28
LH:0
end_of_record
SF:lib/models/product_model.dart
DA:10,0
DA:20,0
DA:21,0
DA:29,0
DA:35,0
DA:43,0
DA:51,0
DA:59,0
DA:68,0
DA:69,0
DA:77,0
DA:85,0
DA:94,0
DA:95,0
DA:103,0
DA:111,0
DA:120,0
DA:121,0
DA:129,0
DA:135,0
DA:141,0
DA:149,0
DA:155,0
LF:23
LH:0
end_of_record
SF:lib/screens/onbording/views/onbording_screnn.dart
DA:10,1
DA:12,1
DA:13,1
DA:56,1
DA:58,2
DA:59,1
DA:62,1
DA:64,2
DA:65,1
DA:68,1
DA:70,1
DA:71,1
DA:72,1
DA:74,1
DA:75,1
DA:76,1
DA:78,1
DA:79,0
DA:80,0
DA:82,1
DA:84,1
DA:85,4
DA:89,1
DA:90,1
DA:91,1
DA:92,2
DA:93,0
DA:94,0
DA:95,0
DA:98,2
DA:99,3
DA:100,3
DA:101,3
DA:102,0
DA:103,0
DA:104,3
DA:105,1
DA:109,1
DA:110,1
DA:111,1
DA:112,2
DA:113,2
DA:115,3
DA:118,1
DA:119,1
DA:122,1
DA:123,0
DA:124,0
DA:125,0
DA:128,0
DA:131,1
DA:134,1
DA:158,1
LF:53
LH:42
end_of_record
SF:lib/screens/auth/views/login_screen.dart
DA:8,1
DA:10,0
DA:11,0
DA:17,0
DA:19,0
DA:21,0
DA:22,0
DA:23,0
DA:24,0
DA:25,0
DA:29,0
DA:31,0
DA:33,0
DA:34,0
DA:36,0
DA:43,0
DA:44,0
DA:45,0
DA:47,0
DA:48,0
DA:53,0
DA:54,0
DA:55,0
DA:58,0
DA:59,0
DA:60,0
DA:61,0
DA:64,0
DA:69,0
DA:71,0
DA:73,0
DA:74,0
DA:75,0
LF:33
LH:1
end_of_record
SF:lib/screens/auth/views/password_recovery_screen.dart
DA:6,1
DA:8,0
LF:2
LH:1
end_of_record
SF:lib/screens/auth/views/signup_screen.dart
DA:9,1
DA:11,0
DA:12,0
DA:18,0
DA:20,0
DA:21,0
DA:22,0
DA:23,0
DA:24,0
DA:26,0
DA:30,0
DA:32,0
DA:34,0
DA:35,0
DA:37,0
DA:44,0
DA:46,0
DA:47,0
DA:48,0
DA:49,0
DA:52,0
DA:53,0
DA:54,0
DA:56,0
DA:57,0
DA:58,0
DA:59,0
DA:60,0
DA:79,0
DA:80,0
DA:84,0
DA:88,0
DA:90,0
DA:92,0
DA:93,0
DA:94,0
LF:36
LH:1
end_of_record
SF:lib/screens/bookmark/views/bookmark_screen.dart
DA:9,1
DA:11,0
DA:13,0
DA:14,0
DA:15,0
DA:18,0
DA:21,0
DA:28,0
DA:29,0
DA:30,0
DA:31,0
DA:32,0
DA:33,0
DA:34,0
DA:36,0
DA:37,0
DA:38,0
DA:39,0
DA:43,0
LF:19
LH:1
end_of_record
SF:lib/screens/discover/views/discover_screen.dart
DA:9,1
DA:11,0
DA:13,0
DA:14,0
DA:15,0
DA:17,0
DA:22,0
DA:25,0
DA:27,0
DA:34,0
DA:35,0
DA:36,0
DA:37,0
DA:38,0
DA:39,0
DA:40,0
LF:16
LH:1
end_of_record
SF:lib/screens/home/views/home_screen.dart
DA:14,1
DA:16,0
DA:18,0
DA:19,0
DA:20,0
DA:21,0
DA:28,0
DA:29,0
DA:30,0
DA:33,0
DA:37,0
DA:38,0
DA:48,0
DA:49,0
DA:50,0
DA:56,0
DA:59,0
DA:60,0
DA:61,0
LF:19
LH:1
end_of_record
SF:lib/screens/kids/views/kids_screen.dart
DA:5,1
DA:7,0
LF:2
LH:1
end_of_record
SF:lib/screens/on_sale/views/on_sale_screen.dart
DA:5,1
DA:7,0
LF:2
LH:1
end_of_record
SF:lib/screens/product/views/product_details_screen.dart
DA:20,0
DA:24,0
DA:26,0
DA:27,0
DA:28,0
DA:30,0
DA:31,0
DA:33,0
DA:41,0
DA:43,0
DA:45,0
DA:46,0
DA:47,0
DA:48,0
DA:49,0
DA:51,0
DA:52,0
DA:53,0
DA:54,0
DA:55,0
DA:62,0
DA:65,0
DA:71,0
DA:74,0
DA:75,0
DA:77,0
DA:83,0
DA:86,0
DA:87,0
DA:89,0
DA:96,0
DA:100,0
DA:101,0
DA:103,0
DA:122,0
DA:126,0
DA:127,0
DA:130,0
DA:132,0
DA:133,0
DA:135,0
DA:139,0
DA:140,0
DA:142,0
DA:145,0
DA:146,0
DA:148,0
DA:149,0
DA:154,0
DA:155,0
DA:156,0
LF:51
LH:0
end_of_record
SF:lib/screens/reviews/view/product_reviews_screen.dart
DA:5,1
DA:7,0
LF:2
LH:1
end_of_record
SF:lib/screens/search/views/search_screen.dart
DA:5,1
DA:7,0
DA:8,0
DA:12,0
LF:4
LH:1
end_of_record
SF:lib/screens/address/views/addresses_screen.dart
DA:5,1
DA:7,0
LF:2
LH:1
end_of_record
SF:lib/screens/checkout/views/cart_screen.dart
DA:5,1
DA:7,0
LF:2
LH:1
end_of_record
SF:lib/screens/notification/view/enable_notification_screen.dart
DA:5,1
DA:7,0
LF:2
LH:1
end_of_record
SF:lib/screens/notification/view/no_notification_screen.dart
DA:6,1
DA:8,0
LF:2
LH:1
end_of_record
SF:lib/screens/notification/view/notification_ontions_screen.dart
DA:5,1
DA:7,0
LF:2
LH:1
end_of_record
SF:lib/screens/notification/view/notificatios_screen.dart
DA:6,1
DA:8,0
DA:10,0
DA:11,0
DA:13,0
DA:14,0
DA:15,0
DA:16,0
DA:18,0
DA:19,0
LF:10
LH:1
end_of_record
SF:lib/screens/order/views/orders_screen.dart
DA:5,1
DA:7,0
LF:2
LH:1
end_of_record
SF:lib/screens/preferences/views/preferences_screen.dart
DA:7,1
DA:9,0
DA:11,0
DA:12,0
DA:14,0
DA:15,0
DA:16,0
DA:21,0
DA:23,0
DA:24,0
DA:25,0
DA:30,0
DA:33,0
DA:38,0
DA:41,0
DA:46,0
DA:49,0
DA:54,0
LF:18
LH:1
end_of_record
SF:lib/screens/wallet/views/empty_wallet_screen.dart
DA:7,1
DA:9,0
DA:11,0
DA:12,0
DA:15,0
DA:16,0
DA:17,0
DA:18,0
DA:20,0
DA:22,0
DA:26,0
DA:27,0
DA:30,0
DA:33,0
DA:35,0
LF:15
LH:1
end_of_record
SF:lib/screens/wallet/views/wallet_screen.dart
DA:9,1
DA:11,0
DA:13,0
DA:14,0
DA:17,0
DA:18,0
DA:20,0
DA:21,0
DA:22,0
DA:24,0
DA:25,0
DA:27,0
DA:31,0
DA:33,0
DA:34,0
DA:36,0
DA:40,0
DA:41,0
DA:42,0
DA:44,0
DA:45,0
DA:48,0
DA:49,0
DA:57,0
LF:24
LH:1
end_of_record
SF:lib/screens/profile/views/profile_screen.dart
DA:12,1
DA:14,0
DA:16,0
DA:17,0
DA:18,0
DA:19,0
DA:25,0
DA:26,0
DA:29,0
DA:32,0
DA:33,0
DA:42,0
DA:44,0
DA:46,0
DA:50,0
DA:53,0
DA:54,0
DA:57,0
DA:60,0
DA:62,0
DA:65,0
DA:67,0
DA:70,0
DA:71,0
DA:74,0
DA:77,0
DA:78,0
DA:81,0
DA:84,0
DA:85,0
DA:89,0
DA:92,0
DA:94,0
DA:97,0
DA:101,0
DA:102,0
DA:105,0
DA:108,0
DA:109,0
DA:113,0
DA:116,0
DA:118,0
DA:121,0
DA:124,0
DA:125,0
DA:128,0
DA:131,0
DA:134,0
DA:137,0
DA:139,0
DA:142,0
DA:145,0
DA:146,0
DA:149,0
DA:152,0
DA:158,0
DA:159,0
DA:161,0
LF:58
LH:1
end_of_record
SF:lib/screens/user_info/views/user_info_screen.dart
DA:5,1
DA:7,0
LF:2
LH:1
end_of_record
SF:lib/screens/auth/views/components/login_form.dart
DA:7,0
DA:14,0
DA:16,0
DA:17,0
DA:18,0
DA:19,0
DA:20,0
DA:21,0
DA:24,0
DA:27,0
DA:29,0
DA:32,0
DA:36,0
DA:37,0
DA:38,0
DA:39,0
DA:40,0
DA:41,0
DA:48,0
DA:49,0
DA:52,0
DA:54,0
DA:56,0
DA:59,0
DA:63,0
DA:64,0
DA:65,0
DA:66,0
DA:67,0
DA:68,0
LF:30
LH:0
end_of_record
SF:lib/screens/auth/views/components/sign_up_form.dart
DA:7,0
DA:14,0
DA:16,0
DA:17,0
DA:18,0
DA:19,0
DA:20,0
DA:21,0
DA:24,0
DA:27,0
DA:29,0
DA:32,0
DA:36,0
DA:37,0
DA:38,0
DA:39,0
DA:40,0
DA:41,0
DA:49,0
DA:50,0
DA:53,0
DA:55,0
DA:57,0
DA:60,0
DA:64,0
DA:65,0
DA:66,0
DA:67,0
DA:68,0
DA:69,0
LF:30
LH:0
end_of_record
SF:lib/screens/discover/views/components/expansion_category.dart
DA:8,0
DA:18,0
DA:20,0
DA:21,0
DA:22,0
DA:23,0
DA:24,0
DA:27,0
DA:28,0
DA:32,0
DA:33,0
DA:36,0
DA:38,0
DA:39,0
DA:40,0
DA:41,0
DA:42,0
DA:43,0
DA:44,0
DA:46,0
DA:47,0
DA:51,0
LF:22
LH:0
end_of_record
SF:lib/screens/search/views/components/search_form.dart
DA:7,1
DA:28,0
DA:30,0
DA:31,0
DA:32,0
DA:33,0
DA:34,0
DA:35,0
DA:36,0
DA:37,0
DA:38,0
DA:40,0
DA:43,0
DA:44,0
DA:45,0
DA:47,0
DA:50,0
DA:53,0
DA:55,0
DA:56,0
DA:61,0
DA:62,0
DA:63,0
DA:64,0
DA:67,0
LF:25
LH:1
end_of_record
SF:lib/screens/home/views/components/best_sellers.dart
DA:9,1
DA:13,0
DA:15,0
DA:17,0
DA:19,0
DA:21,0
DA:23,0
DA:28,0
DA:30,0
DA:33,0
DA:34,0
DA:35,0
DA:37,0
DA:41,0
DA:42,0
DA:43,0
DA:44,0
DA:45,0
DA:47,0
DA:48,0
DA:49,0
DA:50,0
DA:51,0
LF:23
LH:1
end_of_record
SF:lib/screens/home/views/components/categories.dart
DA:12,0
DA:19,0
DA:20,0
DA:21,0
DA:25,0
DA:26,0
DA:27,0
DA:33,1
DA:37,0
DA:39,0
DA:41,0
DA:42,0
DA:43,0
DA:44,0
DA:45,0
DA:46,0
DA:47,0
DA:49,0
DA:50,0
DA:51,0
DA:52,0
DA:53,0
DA:54,0
DA:55,0
DA:56,0
DA:69,0
DA:82,0
DA:84,0
DA:85,0
DA:87,0
DA:90,0
DA:91,0
DA:92,0
DA:93,0
DA:95,0
DA:98,0
DA:99,0
DA:100,0
DA:101,0
DA:102,0
DA:104,0
DA:105,0
DA:109,0
DA:110,0
DA:111,0
DA:112,0
DA:115,0
DA:117,0
LF:48
LH:1
end_of_record
SF:lib/screens/home/views/components/flash_sale.dart
DA:10,1
DA:14,0
DA:16,0
DA:18,0
DA:21,0
DA:24,0
DA:27,0
DA:29,0
DA:31,0
DA:36,0
DA:38,0
DA:41,0
DA:42,0
DA:43,0
DA:45,0
DA:49,0
DA:50,0
DA:51,0
DA:52,0
DA:53,0
DA:55,0
DA:56,0
DA:57,0
DA:58,0
DA:59,0
LF:25
LH:1
end_of_record
SF:lib/screens/home/views/components/most_popular.dart
DA:9,1
DA:13,0
DA:15,0
DA:17,0
DA:19,0
DA:21,0
DA:23,0
DA:28,0
DA:30,0
DA:33,0
DA:34,0
DA:35,0
DA:37,0
DA:41,0
DA:42,0
DA:43,0
DA:44,0
DA:45,0
DA:46,0
DA:47,0
DA:48,0
DA:49,0
DA:50,0
LF:23
LH:1
end_of_record
SF:lib/screens/home/views/components/offer_carousel_and_categories.dart
DA:8,1
DA:12,0
DA:14,0
DA:16,0
DA:21,0
DA:23,0
DA:25,0
LF:7
LH:1
end_of_record
SF:lib/screens/home/views/components/offers_carousel.dart
DA:13,1
DA:17,0
DA:18,0
DA:52,0
DA:54,0
DA:55,0
DA:56,0
DA:57,0
DA:59,0
DA:62,0
DA:63,0
DA:68,0
DA:71,0
DA:73,0
DA:74,0
DA:75,0
DA:78,0
DA:80,0
DA:82,0
DA:84,0
DA:85,0
DA:86,0
DA:87,0
DA:88,0
DA:89,0
DA:90,0
DA:93,0
DA:95,0
DA:96,0
DA:98,0
DA:100,0
DA:101,0
DA:102,0
DA:103,0
DA:104,0
DA:107,0
DA:108,0
LF:37
LH:1
end_of_record
SF:lib/screens/home/views/components/popular_products.dart
DA:9,1
DA:13,0
DA:15,0
DA:17,0
DA:19,0
DA:21,0
DA:23,0
DA:28,0
DA:30,0
DA:33,0
DA:34,0
DA:35,0
DA:37,0
DA:41,0
DA:42,0
DA:43,0
DA:44,0
DA:45,0
DA:46,0
DA:47,0
DA:48,0
DA:49,0
DA:50,0
LF:23
LH:1
end_of_record
SF:lib/screens/onbording/views/components/onbording_content.dart
DA:6,1
DA:17,1
DA:19,1
DA:20,1
DA:23,1
DA:24,0
DA:25,0
DA:26,0
DA:28,1
DA:32,1
DA:33,1
DA:36,2
DA:37,1
DA:38,1
DA:44,1
DA:51,1
DA:59,1
DA:61,1
DA:62,1
DA:63,1
DA:64,1
DA:66,1
DA:67,1
DA:68,1
DA:69,1
DA:72,1
DA:73,1
LF:27
LH:24
end_of_record
SF:lib/screens/preferences/views/components/prederence_list_tile.dart
DA:7,0
DA:19,0
DA:21,0
DA:22,0
DA:23,0
DA:24,0
DA:25,0
DA:27,0
DA:29,0
DA:30,0
DA:31,0
DA:32,0
DA:33,0
DA:34,0
DA:37,0
DA:38,0
DA:39,0
DA:42,0
LF:18
LH:0
end_of_record
SF:lib/screens/product/views/added_to_cart_message_screen.dart
DA:6,1
DA:8,0
DA:10,0
DA:11,0
DA:12,0
DA:14,0
DA:15,0
DA:17,0
DA:18,0
DA:21,0
DA:24,0
DA:26,0
DA:27,0
DA:28,0
DA:29,0
DA:37,0
DA:38,0
DA:39,0
DA:44,0
DA:45,0
LF:20
LH:1
end_of_record
SF:lib/screens/product/views/components/color_dot.dart
DA:7,0
DA:17,0
DA:19,0
DA:20,0
DA:21,0
DA:23,0
DA:26,0
DA:29,0
DA:31,0
DA:33,0
DA:34,0
DA:35,0
DA:37,0
DA:38,0
LF:14
LH:0
end_of_record
SF:lib/screens/product/views/components/notify_me_card.dart
DA:8,0
DA:17,0
DA:19,0
DA:20,0
DA:23,0
DA:24,0
DA:25,0
DA:29,0
DA:30,0
DA:32,0
DA:33,0
DA:34,0
DA:35,0
DA:36,0
DA:39,0
DA:41,0
DA:42,0
DA:43,0
DA:46,0
DA:47,0
DA:48,0
DA:53,0
DA:60,0
DA:61,0
DA:63,0
DA:64,0
DA:66,0
DA:70,0
DA:71,0
DA:72,0
DA:73,0
LF:31
LH:0
end_of_record
SF:lib/screens/product/views/components/product_availability_tag.dart
DA:6,0
DA:13,0
DA:15,0
DA:17,0
DA:18,0
DA:23,0
DA:24,0
DA:25,0
DA:26,0
DA:27,0
DA:28,0
LF:11
LH:0
end_of_record
SF:lib/screens/product/views/components/product_images.dart
DA:7,1
DA:14,0
DA:15,0
DA:23,0
DA:25,0
DA:26,0
DA:27,0
DA:30,0
DA:32,0
DA:33,0
DA:36,0
DA:38,0
DA:39,0
DA:41,0
DA:42,0
DA:43,0
DA:44,0
DA:45,0
DA:46,0
DA:47,0
DA:50,0
DA:51,0
DA:53,0
DA:57,0
DA:61,0
DA:62,0
DA:65,0
DA:66,0
DA:70,0
DA:71,0
DA:74,0
DA:75,0
DA:76,0
DA:77,0
DA:78,0
DA:79,0
DA:81,0
DA:82,0
DA:84,0
DA:85,0
DA:86,0
DA:87,0
DA:88,0
LF:43
LH:1
end_of_record
SF:lib/screens/product/views/components/product_info.dart
DA:8,0
DA:23,0
DA:25,0
DA:27,0
DA:28,0
DA:30,0
DA:31,0
DA:32,0
DA:36,0
DA:37,0
DA:39,0
DA:42,0
DA:43,0
DA:44,0
DA:46,0
DA:48,0
DA:49,0
DA:50,0
DA:52,0
DA:56,0
DA:58,0
DA:59,0
DA:60,0
DA:61,0
DA:64,0
DA:65,0
LF:26
LH:0
end_of_record
SF:lib/screens/product/views/components/product_list_tile.dart
DA:5,0
DA:17,0
DA:19,0
DA:20,0
DA:21,0
DA:23,0
DA:24,0
DA:26,0
DA:27,0
DA:29,0
DA:31,0
DA:32,0
DA:34,0
DA:37,0
LF:14
LH:0
end_of_record
SF:lib/screens/product/views/components/product_quantity.dart
DA:7,0
DA:17,0
DA:19,0
DA:21,0
DA:22,0
DA:24,0
DA:27,0
DA:28,0
DA:29,0
DA:32,0
DA:33,0
DA:34,0
DA:36,0
DA:38,0
DA:42,0
DA:44,0
DA:45,0
DA:46,0
DA:47,0
DA:48,0
DA:49,0
DA:50,0
DA:54,0
DA:57,0
DA:58,0
DA:59,0
DA:61,0
DA:63,0
LF:28
LH:0
end_of_record
SF:lib/screens/product/views/components/selected_colors.dart
DA:7,0
DA:17,0
DA:19,0
DA:21,0
DA:22,0
DA:24,0
DA:26,0
DA:29,0
DA:31,0
DA:32,0
DA:33,0
DA:34,0
DA:35,0
DA:36,0
DA:37,0
DA:38,0
DA:39,0
DA:40,0
LF:18
LH:0
end_of_record
SF:lib/screens/product/views/components/selected_size.dart
DA:6,0
DA:17,0
DA:19,0
DA:21,0
DA:23,0
DA:25,0
DA:27,0
DA:30,0
DA:31,0
DA:32,0
DA:33,0
DA:34,0
DA:35,0
DA:36,0
DA:37,0
DA:38,0
DA:39,0
DA:50,0
DA:61,0
DA:63,0
DA:66,0
DA:67,0
DA:68,0
DA:71,0
DA:73,0
DA:74,0
DA:75,0
DA:76,0
DA:78,0
LF:29
LH:0
end_of_record
SF:lib/screens/product/views/components/unit_price.dart
DA:6,1
DA:15,0
DA:17,0
DA:19,0
DA:20,0
DA:22,0
DA:25,0
DA:26,0
DA:27,0
DA:28,0
DA:29,0
DA:30,0
DA:31,0
DA:32,0
DA:33,0
DA:34,0
DA:35,0
DA:36,0
LF:18
LH:1
end_of_record
SF:lib/screens/product/views/location_permission_store_availability_screen.dart
DA:8,1
DA:10,0
DA:12,0
DA:13,0
DA:14,0
DA:15,0
DA:17,0
DA:20,0
DA:22,0
DA:27,0
DA:29,0
DA:35,0
DA:36,0
DA:38,0
DA:40,0
DA:41,0
DA:42,0
DA:43,0
DA:46,0
DA:47,0
DA:48,0
DA:49,0
DA:51,0
DA:54,0
DA:55,0
DA:56,0
DA:57,0
DA:63,0
DA:64,0
DA:67,0
DA:68,0
DA:71,0
DA:75,0
DA:77,0
DA:80,0
DA:87,0
DA:88,0
LF:37
LH:1
end_of_record
SF:lib/theme/input_decoration_theme.dart
DA:44,0
DA:45,0
DA:47,0
DA:48,0
LF:4
LH:0
end_of_record
SF:lib/screens/product/views/product_buy_now_screen.dart
DA:18,1
DA:20,0
DA:21,0
DA:25,0
DA:27,0
DA:28,0
DA:32,0
DA:33,0
DA:40,0
DA:41,0
DA:42,0
DA:45,0
DA:47,0
DA:49,0
DA:51,0
DA:53,0
DA:54,0
DA:55,0
DA:56,0
DA:61,0
DA:62,0
DA:63,0
DA:73,0
DA:75,0
DA:76,0
DA:78,0
DA:85,0
DA:87,0
DA:88,0
DA:95,0
DA:96,0
DA:105,0
DA:108,0
DA:109,0
DA:112,0
DA:115,0
DA:117,0
DA:121,0
DA:122,0
DA:124,0
DA:130,0
DA:133,0
DA:134,0
DA:136,0
DA:138,0
DA:140,0
DA:149,0
DA:151,0
DA:155,0
DA:156,0
DA:158,0
LF:51
LH:1
end_of_record
SF:lib/screens/product/views/size_guide_screen.dart
DA:5,1
DA:7,0
DA:8,0
DA:14,0
DA:15,0
DA:16,0
DA:20,0
LF:7
LH:1
end_of_record
SF:lib/screens/product/views/product_returns_screen.dart
DA:6,1
DA:8,0
DA:10,0
DA:11,0
DA:12,0
DA:13,0
DA:15,0
DA:18,0
DA:20,0
DA:25,0
DA:27,0
LF:11
LH:1
end_of_record
SF:lib/screens/profile/views/components/profile_card.dart
DA:8,0
DA:25,0
DA:27,0
DA:28,0
DA:29,0
DA:31,0
DA:32,0
DA:36,0
DA:37,0
DA:38,0
DA:39,0
DA:45,0
DA:46,0
DA:54,0
DA:55,0
DA:68,0
DA:69,0
DA:70,0
DA:72,0
LF:19
LH:0
end_of_record
SF:lib/screens/profile/views/components/profile_menu_item_list_tile.dart
DA:6,0
DA:18,0
DA:20,0
DA:22,0
DA:23,0
DA:26,0
DA:27,0
DA:31,0
DA:32,0
DA:35,0
DA:36,0
LF:11
LH:0
end_of_record
SF:lib/screens/wallet/views/components/wallet_balance_card.dart
DA:6,0
DA:15,0
DA:17,0
DA:19,0
DA:20,0
DA:21,0
DA:22,0
DA:32,0
DA:34,0
DA:43,0
DA:44,0
DA:45,0
DA:46,0
DA:47,0
DA:48,0
DA:54,0
DA:55,0
DA:56,0
LF:18
LH:0
end_of_record
SF:lib/screens/wallet/views/components/wallet_history_card.dart
DA:8,0
DA:21,0
DA:23,0
DA:24,0
DA:27,0
DA:29,0
DA:30,0
DA:31,0
DA:33,0
DA:34,0
DA:35,0
DA:39,0
DA:40,0
DA:42,0
DA:43,0
DA:44,0
DA:46,0
DA:49,0
DA:50,0
DA:51,0
DA:52,0
DA:53,0
DA:54,0
DA:55,0
DA:56,0
DA:61,0
DA:62,0
DA:63,0
DA:68,0
DA:69,0
DA:70,0
DA:71,0
DA:72,0
DA:73,0
DA:74,0
LF:35
LH:0
end_of_record
SF:lib/theme/button_theme.dart
DA:5,3
DA:6,1
DA:17,1
DA:19,1
DA:20,1
DA:23,1
DA:31,3
DA:32,1
LF:8
LH:8
end_of_record
SF:lib/theme/checkbox_themedata.dart
DA:5,3
DA:6,1
LF:2
LH:2
end_of_record
SF:lib/theme/theme_data.dart
DA:27,3
DA:28,1
DA:31,3
DA:33,1
DA:34,1
DA:36,1
DA:45,0
DA:47,0
DA:48,0
DA:50,0
LF:10
LH:6
end_of_record
